{"/Users/tfpractice/sites/mods/graph-curry/src/cut.js": {"path":"/Users/tfpractice/sites/mods/graph-curry/src/cut.js","statementMap":{},"fnMap":{},"branchMap":{},"s":{},"f":{},"b":{}}
,"/Users/tfpractice/sites/mods/graph-curry/src/graph.js": {"path":"/Users/tfpractice/sites/mods/graph-curry/src/graph.js","statementMap":{"0":{"start":{"line":5,"column":56},"end":{"line":5,"column":67}},"1":{"start":{"line":6,"column":44},"end":{"line":6,"column":55}},"2":{"start":{"line":7,"column":19},"end":{"line":7,"column":52}},"3":{"start":{"line":7,"column":39},"end":{"line":7,"column":52}},"4":{"start":{"line":9,"column":21},"end":{"line":9,"column":44}},"5":{"start":{"line":9,"column":30},"end":{"line":9,"column":44}},"6":{"start":{"line":10,"column":20},"end":{"line":10,"column":25}},"7":{"start":{"line":11,"column":28},"end":{"line":11,"column":74}},"8":{"start":{"line":11,"column":42},"end":{"line":11,"column":74}},"9":{"start":{"line":12,"column":21},"end":{"line":12,"column":50}},"10":{"start":{"line":12,"column":30},"end":{"line":12,"column":50}},"11":{"start":{"line":13,"column":19},"end":{"line":13,"column":56}},"12":{"start":{"line":13,"column":28},"end":{"line":13,"column":56}},"13":{"start":{"line":13,"column":35},"end":{"line":13,"column":56}},"14":{"start":{"line":14,"column":25},"end":{"line":14,"column":63}},"15":{"start":{"line":14,"column":34},"end":{"line":14,"column":63}},"16":{"start":{"line":14,"column":41},"end":{"line":14,"column":63}},"17":{"start":{"line":15,"column":24},"end":{"line":15,"column":58}},"18":{"start":{"line":15,"column":33},"end":{"line":15,"column":58}},"19":{"start":{"line":15,"column":41},"end":{"line":15,"column":58}},"20":{"start":{"line":16,"column":26},"end":{"line":17,"column":33}},"21":{"start":{"line":16,"column":35},"end":{"line":17,"column":33}},"22":{"start":{"line":16,"column":42},"end":{"line":17,"column":33}},"23":{"start":{"line":17,"column":2},"end":{"line":17,"column":33}},"24":{"start":{"line":19,"column":22},"end":{"line":19,"column":40}},"25":{"start":{"line":19,"column":27},"end":{"line":19,"column":40}},"26":{"start":{"line":19,"column":32},"end":{"line":19,"column":40}},"27":{"start":{"line":21,"column":29},"end":{"line":21,"column":83}},"28":{"start":{"line":21,"column":38},"end":{"line":21,"column":83}},"29":{"start":{"line":21,"column":45},"end":{"line":21,"column":83}},"30":{"start":{"line":22,"column":24},"end":{"line":22,"column":76}},"31":{"start":{"line":22,"column":33},"end":{"line":22,"column":76}},"32":{"start":{"line":22,"column":46},"end":{"line":22,"column":76}},"33":{"start":{"line":24,"column":26},"end":{"line":24,"column":80}},"34":{"start":{"line":24,"column":35},"end":{"line":24,"column":80}},"35":{"start":{"line":24,"column":48},"end":{"line":24,"column":80}},"36":{"start":{"line":26,"column":24},"end":{"line":27,"column":53}},"37":{"start":{"line":26,"column":33},"end":{"line":27,"column":53}},"38":{"start":{"line":26,"column":49},"end":{"line":27,"column":53}},"39":{"start":{"line":27,"column":2},"end":{"line":27,"column":53}},"40":{"start":{"line":29,"column":27},"end":{"line":30,"column":52}},"41":{"start":{"line":29,"column":36},"end":{"line":30,"column":52}},"42":{"start":{"line":29,"column":43},"end":{"line":30,"column":52}},"43":{"start":{"line":30,"column":2},"end":{"line":30,"column":52}},"44":{"start":{"line":32,"column":33},"end":{"line":33,"column":55}},"45":{"start":{"line":33,"column":6},"end":{"line":33,"column":55}},"46":{"start":{"line":35,"column":31},"end":{"line":36,"column":48}},"47":{"start":{"line":35,"column":40},"end":{"line":36,"column":48}},"48":{"start":{"line":36,"column":5},"end":{"line":36,"column":48}},"49":{"start":{"line":38,"column":27},"end":{"line":39,"column":59}},"50":{"start":{"line":38,"column":36},"end":{"line":39,"column":59}},"51":{"start":{"line":39,"column":4},"end":{"line":39,"column":59}},"52":{"start":{"line":41,"column":26},"end":{"line":41,"column":81}},"53":{"start":{"line":41,"column":35},"end":{"line":41,"column":81}},"54":{"start":{"line":41,"column":48},"end":{"line":41,"column":81}},"55":{"start":{"line":43,"column":27},"end":{"line":44,"column":38}},"56":{"start":{"line":43,"column":36},"end":{"line":44,"column":38}},"57":{"start":{"line":43,"column":43},"end":{"line":44,"column":38}},"58":{"start":{"line":44,"column":2},"end":{"line":44,"column":38}},"59":{"start":{"line":46,"column":24},"end":{"line":46,"column":77}},"60":{"start":{"line":46,"column":33},"end":{"line":46,"column":77}},"61":{"start":{"line":46,"column":51},"end":{"line":46,"column":77}},"62":{"start":{"line":48,"column":30},"end":{"line":48,"column":38}}},"fnMap":{"0":{"name":"flattenBin","decl":{"start":{"line":7,"column":19},"end":{"line":7,"column":20}},"loc":{"start":{"line":7,"column":39},"end":{"line":7,"column":52}}},"1":{"name":"spawn","decl":{"start":{"line":9,"column":21},"end":{"line":9,"column":22}},"loc":{"start":{"line":9,"column":30},"end":{"line":9,"column":44}}},"2":{"name":"fromElements","decl":{"start":{"line":11,"column":28},"end":{"line":11,"column":29}},"loc":{"start":{"line":11,"column":42},"end":{"line":11,"column":74}}},"3":{"name":"nodes","decl":{"start":{"line":12,"column":21},"end":{"line":12,"column":22}},"loc":{"start":{"line":12,"column":30},"end":{"line":12,"column":50}}},"4":{"name":"adj","decl":{"start":{"line":13,"column":19},"end":{"line":13,"column":20}},"loc":{"start":{"line":13,"column":28},"end":{"line":13,"column":56}}},"5":{"name":"adj","decl":{"start":{"line":13,"column":28},"end":{"line":13,"column":29}},"loc":{"start":{"line":13,"column":35},"end":{"line":13,"column":56}}},"6":{"name":"neighbors","decl":{"start":{"line":14,"column":25},"end":{"line":14,"column":26}},"loc":{"start":{"line":14,"column":34},"end":{"line":14,"column":63}}},"7":{"name":"neighbors","decl":{"start":{"line":14,"column":34},"end":{"line":14,"column":35}},"loc":{"start":{"line":14,"column":41},"end":{"line":14,"column":63}}},"8":{"name":"contains","decl":{"start":{"line":15,"column":24},"end":{"line":15,"column":25}},"loc":{"start":{"line":15,"column":33},"end":{"line":15,"column":58}}},"9":{"name":"contains","decl":{"start":{"line":15,"column":33},"end":{"line":15,"column":34}},"loc":{"start":{"line":15,"column":41},"end":{"line":15,"column":58}}},"10":{"name":"isAdjacent","decl":{"start":{"line":16,"column":26},"end":{"line":16,"column":27}},"loc":{"start":{"line":16,"column":35},"end":{"line":17,"column":33}}},"11":{"name":"isAdjacent","decl":{"start":{"line":16,"column":35},"end":{"line":16,"column":36}},"loc":{"start":{"line":16,"column":42},"end":{"line":17,"column":33}}},"12":{"name":"isAdjacent","decl":{"start":{"line":16,"column":42},"end":{"line":16,"column":43}},"loc":{"start":{"line":17,"column":2},"end":{"line":17,"column":33}}},"13":{"name":"kvPair","decl":{"start":{"line":19,"column":22},"end":{"line":19,"column":23}},"loc":{"start":{"line":19,"column":27},"end":{"line":19,"column":40}}},"14":{"name":"kvPair","decl":{"start":{"line":19,"column":27},"end":{"line":19,"column":28}},"loc":{"start":{"line":19,"column":32},"end":{"line":19,"column":40}}},"15":{"name":"nodeNeighbors","decl":{"start":{"line":21,"column":29},"end":{"line":21,"column":30}},"loc":{"start":{"line":21,"column":38},"end":{"line":21,"column":83}}},"16":{"name":"nodeNeighbors","decl":{"start":{"line":21,"column":38},"end":{"line":21,"column":39}},"loc":{"start":{"line":21,"column":45},"end":{"line":21,"column":83}}},"17":{"name":"addNodes","decl":{"start":{"line":22,"column":24},"end":{"line":22,"column":25}},"loc":{"start":{"line":22,"column":33},"end":{"line":22,"column":76}}},"18":{"name":"addNodes","decl":{"start":{"line":22,"column":33},"end":{"line":22,"column":34}},"loc":{"start":{"line":22,"column":46},"end":{"line":22,"column":76}}},"19":{"name":"resetNodes","decl":{"start":{"line":24,"column":26},"end":{"line":24,"column":27}},"loc":{"start":{"line":24,"column":35},"end":{"line":24,"column":80}}},"20":{"name":"resetNodes","decl":{"start":{"line":24,"column":35},"end":{"line":24,"column":36}},"loc":{"start":{"line":24,"column":48},"end":{"line":24,"column":80}}},"21":{"name":"addEdges","decl":{"start":{"line":26,"column":24},"end":{"line":26,"column":25}},"loc":{"start":{"line":26,"column":33},"end":{"line":27,"column":53}}},"22":{"name":"addEdges","decl":{"start":{"line":26,"column":33},"end":{"line":26,"column":34}},"loc":{"start":{"line":26,"column":49},"end":{"line":27,"column":53}}},"23":{"name":"addEdges","decl":{"start":{"line":26,"column":49},"end":{"line":26,"column":50}},"loc":{"start":{"line":27,"column":2},"end":{"line":27,"column":53}}},"24":{"name":"removeEdges","decl":{"start":{"line":29,"column":27},"end":{"line":29,"column":28}},"loc":{"start":{"line":29,"column":36},"end":{"line":30,"column":52}}},"25":{"name":"removeEdges","decl":{"start":{"line":29,"column":36},"end":{"line":29,"column":37}},"loc":{"start":{"line":29,"column":43},"end":{"line":30,"column":52}}},"26":{"name":"removeEdges","decl":{"start":{"line":29,"column":43},"end":{"line":29,"column":44}},"loc":{"start":{"line":30,"column":2},"end":{"line":30,"column":52}}},"27":{"name":"disconnectNodeBin","decl":{"start":{"line":32,"column":33},"end":{"line":32,"column":34}},"loc":{"start":{"line":33,"column":6},"end":{"line":33,"column":55}}},"28":{"name":"disconnectNodes","decl":{"start":{"line":35,"column":31},"end":{"line":35,"column":32}},"loc":{"start":{"line":35,"column":40},"end":{"line":36,"column":48}}},"29":{"name":"disconnectNodes","decl":{"start":{"line":35,"column":40},"end":{"line":35,"column":41}},"loc":{"start":{"line":36,"column":5},"end":{"line":36,"column":48}}},"30":{"name":"removeNodes","decl":{"start":{"line":38,"column":27},"end":{"line":38,"column":28}},"loc":{"start":{"line":38,"column":36},"end":{"line":39,"column":59}}},"31":{"name":"removeNodes","decl":{"start":{"line":38,"column":36},"end":{"line":38,"column":37}},"loc":{"start":{"line":39,"column":4},"end":{"line":39,"column":59}}},"32":{"name":"mergeEdges","decl":{"start":{"line":41,"column":26},"end":{"line":41,"column":27}},"loc":{"start":{"line":41,"column":35},"end":{"line":41,"column":81}}},"33":{"name":"mergeEdges","decl":{"start":{"line":41,"column":35},"end":{"line":41,"column":36}},"loc":{"start":{"line":41,"column":48},"end":{"line":41,"column":81}}},"34":{"name":"addNeighbor","decl":{"start":{"line":43,"column":27},"end":{"line":43,"column":28}},"loc":{"start":{"line":43,"column":36},"end":{"line":44,"column":38}}},"35":{"name":"addNeighbor","decl":{"start":{"line":43,"column":36},"end":{"line":43,"column":37}},"loc":{"start":{"line":43,"column":43},"end":{"line":44,"column":38}}},"36":{"name":"addNeighbor","decl":{"start":{"line":43,"column":43},"end":{"line":43,"column":44}},"loc":{"start":{"line":44,"column":2},"end":{"line":44,"column":38}}},"37":{"name":"addEntry","decl":{"start":{"line":46,"column":24},"end":{"line":46,"column":25}},"loc":{"start":{"line":46,"column":33},"end":{"line":46,"column":77}}},"38":{"name":"addEntry","decl":{"start":{"line":46,"column":33},"end":{"line":46,"column":34}},"loc":{"start":{"line":46,"column":51},"end":{"line":46,"column":77}}}},"branchMap":{"0":{"loc":{"start":{"line":7,"column":20},"end":{"line":7,"column":26}},"type":"default-arg","locations":[{"start":{"line":7,"column":24},"end":{"line":7,"column":26}}]},"1":{"loc":{"start":{"line":7,"column":28},"end":{"line":7,"column":34}},"type":"default-arg","locations":[{"start":{"line":7,"column":32},"end":{"line":7,"column":34}}]},"2":{"loc":{"start":{"line":26,"column":39},"end":{"line":26,"column":44}},"type":"default-arg","locations":[{"start":{"line":26,"column":43},"end":{"line":26,"column":44}}]},"3":{"loc":{"start":{"line":43,"column":47},"end":{"line":43,"column":52}},"type":"default-arg","locations":[{"start":{"line":43,"column":51},"end":{"line":43,"column":52}}]},"4":{"loc":{"start":{"line":46,"column":39},"end":{"line":46,"column":44}},"type":"default-arg","locations":[{"start":{"line":46,"column":43},"end":{"line":46,"column":44}}]}},"s":{"0":7,"1":7,"2":7,"3":0,"4":7,"5":663,"6":7,"7":7,"8":15,"9":7,"10":218,"11":7,"12":289,"13":289,"14":7,"15":191,"16":191,"17":7,"18":8,"19":8,"20":7,"21":6,"22":6,"23":6,"24":7,"25":6,"26":12,"27":7,"28":6,"29":6,"30":7,"31":2,"32":2,"33":7,"34":2,"35":2,"36":7,"37":123,"38":123,"39":123,"40":7,"41":136,"42":136,"43":136,"44":7,"45":134,"46":7,"47":93,"48":93,"49":7,"50":41,"51":41,"52":7,"53":41,"54":41,"55":7,"56":4,"57":4,"58":4,"59":7,"60":2,"61":2,"62":7},"f":{"0":0,"1":663,"2":15,"3":218,"4":289,"5":289,"6":191,"7":191,"8":8,"9":8,"10":6,"11":6,"12":6,"13":6,"14":12,"15":6,"16":6,"17":2,"18":2,"19":2,"20":2,"21":123,"22":123,"23":123,"24":136,"25":136,"26":136,"27":134,"28":93,"29":93,"30":41,"31":41,"32":41,"33":41,"34":4,"35":4,"36":4,"37":2,"38":2},"b":{"0":[0],"1":[0],"2":[54],"3":[0],"4":[0]},"_coverageSchema":"332fd63041d2c1bcb487cc26dd0d5f7d97098a6c","hash":"5e7b459b4bb6a783b53aa2faaf1cf48103f8a55e"}
,"/Users/tfpractice/sites/mods/graph-curry/src/index.js": {"path":"/Users/tfpractice/sites/mods/graph-curry/src/index.js","statementMap":{},"fnMap":{},"branchMap":{},"s":{},"f":{},"b":{},"_coverageSchema":"332fd63041d2c1bcb487cc26dd0d5f7d97098a6c","hash":"ba036520ce32d40a7700cbd4c5186394d034b7ed"}
,"/Users/tfpractice/sites/mods/graph-curry/src/operations.js": {"path":"/Users/tfpractice/sites/mods/graph-curry/src/operations.js","statementMap":{"0":{"start":{"line":8,"column":59},"end":{"line":8,"column":70}},"1":{"start":{"line":10,"column":19},"end":{"line":10,"column":52}},"2":{"start":{"line":10,"column":39},"end":{"line":10,"column":52}},"3":{"start":{"line":12,"column":26},"end":{"line":13,"column":78}},"4":{"start":{"line":13,"column":0},"end":{"line":13,"column":78}},"5":{"start":{"line":15,"column":25},"end":{"line":15,"column":58}},"6":{"start":{"line":15,"column":32},"end":{"line":15,"column":58}},"7":{"start":{"line":15,"column":38},"end":{"line":15,"column":58}},"8":{"start":{"line":17,"column":32},"end":{"line":18,"column":55}},"9":{"start":{"line":17,"column":37},"end":{"line":18,"column":55}},"10":{"start":{"line":17,"column":44},"end":{"line":18,"column":55}},"11":{"start":{"line":18,"column":2},"end":{"line":18,"column":55}},"12":{"start":{"line":20,"column":26},"end":{"line":21,"column":43}},"13":{"start":{"line":20,"column":31},"end":{"line":21,"column":43}},"14":{"start":{"line":20,"column":38},"end":{"line":21,"column":43}},"15":{"start":{"line":21,"column":2},"end":{"line":21,"column":43}},"16":{"start":{"line":23,"column":24},"end":{"line":24,"column":54}},"17":{"start":{"line":23,"column":29},"end":{"line":24,"column":54}},"18":{"start":{"line":23,"column":36},"end":{"line":24,"column":54}},"19":{"start":{"line":24,"column":1},"end":{"line":24,"column":54}},"20":{"start":{"line":26,"column":25},"end":{"line":27,"column":52}},"21":{"start":{"line":26,"column":30},"end":{"line":27,"column":52}},"22":{"start":{"line":26,"column":37},"end":{"line":27,"column":52}},"23":{"start":{"line":27,"column":2},"end":{"line":27,"column":52}},"24":{"start":{"line":29,"column":24},"end":{"line":30,"column":67}},"25":{"start":{"line":29,"column":29},"end":{"line":30,"column":67}},"26":{"start":{"line":29,"column":36},"end":{"line":30,"column":67}},"27":{"start":{"line":30,"column":0},"end":{"line":30,"column":67}},"28":{"start":{"line":32,"column":27},"end":{"line":32,"column":67}},"29":{"start":{"line":32,"column":47},"end":{"line":32,"column":67}},"30":{"start":{"line":34,"column":27},"end":{"line":35,"column":50}},"31":{"start":{"line":34,"column":32},"end":{"line":35,"column":50}},"32":{"start":{"line":35,"column":0},"end":{"line":35,"column":50}},"33":{"start":{"line":37,"column":28},"end":{"line":38,"column":24}},"34":{"start":{"line":38,"column":2},"end":{"line":38,"column":24}},"35":{"start":{"line":40,"column":28},"end":{"line":40,"column":65}},"36":{"start":{"line":40,"column":33},"end":{"line":40,"column":65}},"37":{"start":{"line":41,"column":27},"end":{"line":42,"column":59}},"38":{"start":{"line":42,"column":1},"end":{"line":42,"column":59}}},"fnMap":{"0":{"name":"flattenBin","decl":{"start":{"line":10,"column":19},"end":{"line":10,"column":20}},"loc":{"start":{"line":10,"column":39},"end":{"line":10,"column":52}}},"1":{"name":"autoSpread","decl":{"start":{"line":12,"column":26},"end":{"line":12,"column":27}},"loc":{"start":{"line":13,"column":0},"end":{"line":13,"column":78}}},"2":{"name":"superNode","decl":{"start":{"line":15,"column":25},"end":{"line":15,"column":26}},"loc":{"start":{"line":15,"column":32},"end":{"line":15,"column":58}}},"3":{"name":"superNode","decl":{"start":{"line":15,"column":32},"end":{"line":15,"column":33}},"loc":{"start":{"line":15,"column":38},"end":{"line":15,"column":58}}},"4":{"name":"combineNeighbors","decl":{"start":{"line":17,"column":32},"end":{"line":17,"column":33}},"loc":{"start":{"line":17,"column":37},"end":{"line":18,"column":55}}},"5":{"name":"combineNeighbors","decl":{"start":{"line":17,"column":37},"end":{"line":17,"column":38}},"loc":{"start":{"line":17,"column":44},"end":{"line":18,"column":55}}},"6":{"name":"combineNeighbors","decl":{"start":{"line":17,"column":44},"end":{"line":17,"column":45}},"loc":{"start":{"line":18,"column":2},"end":{"line":18,"column":55}}},"7":{"name":"combineAdj","decl":{"start":{"line":20,"column":26},"end":{"line":20,"column":27}},"loc":{"start":{"line":20,"column":31},"end":{"line":21,"column":43}}},"8":{"name":"combineAdj","decl":{"start":{"line":20,"column":31},"end":{"line":20,"column":32}},"loc":{"start":{"line":20,"column":38},"end":{"line":21,"column":43}}},"9":{"name":"combineAdj","decl":{"start":{"line":20,"column":38},"end":{"line":20,"column":39}},"loc":{"start":{"line":21,"column":2},"end":{"line":21,"column":43}}},"10":{"name":"superAdj","decl":{"start":{"line":23,"column":24},"end":{"line":23,"column":25}},"loc":{"start":{"line":23,"column":29},"end":{"line":24,"column":54}}},"11":{"name":"superAdj","decl":{"start":{"line":23,"column":29},"end":{"line":23,"column":30}},"loc":{"start":{"line":23,"column":36},"end":{"line":24,"column":54}}},"12":{"name":"superAdj","decl":{"start":{"line":23,"column":36},"end":{"line":23,"column":37}},"loc":{"start":{"line":24,"column":1},"end":{"line":24,"column":54}}},"13":{"name":"superEdge","decl":{"start":{"line":26,"column":25},"end":{"line":26,"column":26}},"loc":{"start":{"line":26,"column":30},"end":{"line":27,"column":52}}},"14":{"name":"superEdge","decl":{"start":{"line":26,"column":30},"end":{"line":26,"column":31}},"loc":{"start":{"line":26,"column":37},"end":{"line":27,"column":52}}},"15":{"name":"superEdge","decl":{"start":{"line":26,"column":37},"end":{"line":26,"column":38}},"loc":{"start":{"line":27,"column":2},"end":{"line":27,"column":52}}},"16":{"name":"contract","decl":{"start":{"line":29,"column":24},"end":{"line":29,"column":25}},"loc":{"start":{"line":29,"column":29},"end":{"line":30,"column":67}}},"17":{"name":"contract","decl":{"start":{"line":29,"column":29},"end":{"line":29,"column":30}},"loc":{"start":{"line":29,"column":36},"end":{"line":30,"column":67}}},"18":{"name":"contract","decl":{"start":{"line":29,"column":36},"end":{"line":29,"column":37}},"loc":{"start":{"line":30,"column":0},"end":{"line":30,"column":67}}},"19":{"name":"contractBin","decl":{"start":{"line":32,"column":27},"end":{"line":32,"column":28}},"loc":{"start":{"line":32,"column":47},"end":{"line":32,"column":67}}},"20":{"name":"contractSrc","decl":{"start":{"line":34,"column":27},"end":{"line":34,"column":28}},"loc":{"start":{"line":34,"column":32},"end":{"line":35,"column":50}}},"21":{"name":"contractSrc","decl":{"start":{"line":34,"column":32},"end":{"line":34,"column":33}},"loc":{"start":{"line":35,"column":0},"end":{"line":35,"column":50}}},"22":{"name":"contractNext","decl":{"start":{"line":37,"column":28},"end":{"line":37,"column":29}},"loc":{"start":{"line":38,"column":2},"end":{"line":38,"column":24}}},"23":{"name":"contractAuto","decl":{"start":{"line":40,"column":28},"end":{"line":40,"column":29}},"loc":{"start":{"line":40,"column":33},"end":{"line":40,"column":65}}},"24":{"name":"contractMin","decl":{"start":{"line":41,"column":27},"end":{"line":41,"column":28}},"loc":{"start":{"line":42,"column":1},"end":{"line":42,"column":59}}}},"branchMap":{"0":{"loc":{"start":{"line":10,"column":20},"end":{"line":10,"column":26}},"type":"default-arg","locations":[{"start":{"line":10,"column":24},"end":{"line":10,"column":26}}]},"1":{"loc":{"start":{"line":10,"column":28},"end":{"line":10,"column":34}},"type":"default-arg","locations":[{"start":{"line":10,"column":32},"end":{"line":10,"column":34}}]},"2":{"loc":{"start":{"line":13,"column":0},"end":{"line":13,"column":78}},"type":"cond-expr","locations":[{"start":{"line":13,"column":23},"end":{"line":13,"column":72}},{"start":{"line":13,"column":76},"end":{"line":13,"column":78}}]},"3":{"loc":{"start":{"line":29,"column":37},"end":{"line":29,"column":66}},"type":"default-arg","locations":[{"start":{"line":29,"column":42},"end":{"line":29,"column":66}}]},"4":{"loc":{"start":{"line":30,"column":0},"end":{"line":30,"column":67}},"type":"cond-expr","locations":[{"start":{"line":30,"column":5},"end":{"line":30,"column":63}},{"start":{"line":30,"column":66},"end":{"line":30,"column":67}}]},"5":{"loc":{"start":{"line":37,"column":32},"end":{"line":37,"column":53}},"type":"default-arg","locations":[{"start":{"line":37,"column":37},"end":{"line":37,"column":52}}]},"6":{"loc":{"start":{"line":41,"column":31},"end":{"line":41,"column":38}},"type":"default-arg","locations":[{"start":{"line":41,"column":37},"end":{"line":41,"column":38}}]},"7":{"loc":{"start":{"line":42,"column":1},"end":{"line":42,"column":59}},"type":"cond-expr","locations":[{"start":{"line":42,"column":16},"end":{"line":42,"column":49}},{"start":{"line":42,"column":52},"end":{"line":42,"column":59}}]}},"s":{"0":7,"1":7,"2":0,"3":7,"4":0,"5":7,"6":43,"7":43,"8":7,"9":2,"10":2,"11":2,"12":7,"13":42,"14":42,"15":42,"16":7,"17":42,"18":42,"19":42,"20":7,"21":40,"22":40,"23":40,"24":7,"25":49,"26":49,"27":49,"28":7,"29":5,"30":7,"31":2,"32":2,"33":7,"34":39,"35":7,"36":2,"37":7,"38":19},"f":{"0":0,"1":0,"2":43,"3":43,"4":2,"5":2,"6":2,"7":42,"8":42,"9":42,"10":42,"11":42,"12":42,"13":40,"14":40,"15":40,"16":49,"17":49,"18":49,"19":5,"20":2,"21":2,"22":39,"23":2,"24":19},"b":{"0":[0],"1":[0],"2":[0,0],"3":[40],"4":[39,10],"5":[19],"6":[0],"7":[18,1]},"_coverageSchema":"332fd63041d2c1bcb487cc26dd0d5f7d97098a6c","hash":"2292faf76c8ddfededb63a0871ff5daabfed0fc0"}
,"/Users/tfpractice/sites/mods/graph-curry/src/reducers.js": {"path":"/Users/tfpractice/sites/mods/graph-curry/src/reducers.js","statementMap":{"0":{"start":{"line":3,"column":74},"end":{"line":3,"column":78}},"1":{"start":{"line":5,"column":28},"end":{"line":5,"column":71}},"2":{"start":{"line":5,"column":44},"end":{"line":5,"column":71}},"3":{"start":{"line":7,"column":26},"end":{"line":8,"column":46}},"4":{"start":{"line":8,"column":2},"end":{"line":8,"column":46}},"5":{"start":{"line":10,"column":29},"end":{"line":11,"column":48}},"6":{"start":{"line":11,"column":4},"end":{"line":11,"column":48}},"7":{"start":{"line":13,"column":26},"end":{"line":15,"column":76}},"8":{"start":{"line":13,"column":58},"end":{"line":15,"column":76}},"9":{"start":{"line":17,"column":29},"end":{"line":19,"column":75}},"10":{"start":{"line":17,"column":54},"end":{"line":19,"column":75}},"11":{"start":{"line":21,"column":29},"end":{"line":23,"column":45}},"12":{"start":{"line":22,"column":0},"end":{"line":23,"column":45}},"13":{"start":{"line":25,"column":29},"end":{"line":26,"column":51}},"14":{"start":{"line":26,"column":1},"end":{"line":26,"column":51}}},"fnMap":{"0":{"name":"resetNodeBin","decl":{"start":{"line":5,"column":28},"end":{"line":5,"column":29}},"loc":{"start":{"line":5,"column":44},"end":{"line":5,"column":71}}},"1":{"name":"addNodeBin","decl":{"start":{"line":7,"column":26},"end":{"line":7,"column":27}},"loc":{"start":{"line":8,"column":2},"end":{"line":8,"column":46}}},"2":{"name":"removeNodeBin","decl":{"start":{"line":10,"column":29},"end":{"line":10,"column":30}},"loc":{"start":{"line":11,"column":4},"end":{"line":11,"column":48}}},"3":{"name":"addEdgeBin","decl":{"start":{"line":13,"column":26},"end":{"line":13,"column":27}},"loc":{"start":{"line":13,"column":58},"end":{"line":15,"column":76}}},"4":{"name":"removeEdgeBin","decl":{"start":{"line":17,"column":29},"end":{"line":17,"column":30}},"loc":{"start":{"line":17,"column":54},"end":{"line":19,"column":75}}},"5":{"name":"importEdgeBin","decl":{"start":{"line":21,"column":29},"end":{"line":21,"column":30}},"loc":{"start":{"line":22,"column":0},"end":{"line":23,"column":45}}},"6":{"name":"mergeEdgesBin","decl":{"start":{"line":25,"column":29},"end":{"line":25,"column":30}},"loc":{"start":{"line":26,"column":1},"end":{"line":26,"column":51}}}},"branchMap":{"0":{"loc":{"start":{"line":13,"column":45},"end":{"line":13,"column":51}},"type":"default-arg","locations":[{"start":{"line":13,"column":50},"end":{"line":13,"column":51}}]}},"s":{"0":7,"1":7,"2":5,"3":7,"4":505,"5":7,"6":0,"7":7,"8":465,"9":7,"10":336,"11":7,"12":292,"13":7,"14":102},"f":{"0":5,"1":505,"2":0,"3":465,"4":336,"5":292,"6":102},"b":{"0":[4]},"_coverageSchema":"332fd63041d2c1bcb487cc26dd0d5f7d97098a6c","hash":"0b2c0b590af01f1bbb6abb1c5d8c16a69445912b"}
,"/Users/tfpractice/sites/mods/graph-curry/src/search.js": {"path":"/Users/tfpractice/sites/mods/graph-curry/src/search.js","statementMap":{"0":{"start":{"line":3,"column":62},"end":{"line":3,"column":73}},"1":{"start":{"line":4,"column":55},"end":{"line":4,"column":66}},"2":{"start":{"line":6,"column":16},"end":{"line":7,"column":28}},"3":{"start":{"line":6,"column":33},"end":{"line":7,"column":28}},"4":{"start":{"line":6,"column":49},"end":{"line":7,"column":28}},"5":{"start":{"line":7,"column":3},"end":{"line":7,"column":27}},"6":{"start":{"line":9,"column":15},"end":{"line":10,"column":60}},"7":{"start":{"line":9,"column":35},"end":{"line":10,"column":60}},"8":{"start":{"line":10,"column":2},"end":{"line":10,"column":60}},"9":{"start":{"line":12,"column":24},"end":{"line":12,"column":46}},"10":{"start":{"line":12,"column":32},"end":{"line":12,"column":46}},"11":{"start":{"line":13,"column":19},"end":{"line":13,"column":45}},"12":{"start":{"line":13,"column":39},"end":{"line":13,"column":45}},"13":{"start":{"line":14,"column":19},"end":{"line":14,"column":45}},"14":{"start":{"line":14,"column":39},"end":{"line":14,"column":45}},"15":{"start":{"line":15,"column":23},"end":{"line":15,"column":52}},"16":{"start":{"line":15,"column":31},"end":{"line":15,"column":52}},"17":{"start":{"line":16,"column":21},"end":{"line":16,"column":47}},"18":{"start":{"line":16,"column":29},"end":{"line":16,"column":47}},"19":{"start":{"line":17,"column":21},"end":{"line":17,"column":47}},"20":{"start":{"line":17,"column":29},"end":{"line":17,"column":47}},"21":{"start":{"line":18,"column":21},"end":{"line":18,"column":55}},"22":{"start":{"line":18,"column":29},"end":{"line":18,"column":55}},"23":{"start":{"line":18,"column":40},"end":{"line":18,"column":55}},"24":{"start":{"line":19,"column":21},"end":{"line":19,"column":62}},"25":{"start":{"line":19,"column":29},"end":{"line":19,"column":62}},"26":{"start":{"line":21,"column":24},"end":{"line":22,"column":64}},"27":{"start":{"line":22,"column":2},"end":{"line":22,"column":64}},"28":{"start":{"line":24,"column":19},"end":{"line":29,"column":1}},"29":{"start":{"line":24,"column":28},"end":{"line":29,"column":1}},"30":{"start":{"line":25,"column":15},"end":{"line":26,"column":78}},"31":{"start":{"line":26,"column":4},"end":{"line":26,"column":78}},"32":{"start":{"line":28,"column":2},"end":{"line":28,"column":29}},"33":{"start":{"line":31,"column":19},"end":{"line":42,"column":1}},"34":{"start":{"line":31,"column":28},"end":{"line":42,"column":1}},"35":{"start":{"line":32,"column":17},"end":{"line":39,"column":3}},"36":{"start":{"line":32,"column":26},"end":{"line":39,"column":3}},"37":{"start":{"line":33,"column":17},"end":{"line":33,"column":33}},"38":{"start":{"line":34,"column":22},"end":{"line":34,"column":53}},"39":{"start":{"line":36,"column":4},"end":{"line":36,"column":46}},"40":{"start":{"line":37,"column":4},"end":{"line":37,"column":49}},"41":{"start":{"line":38,"column":4},"end":{"line":38,"column":59}},"42":{"start":{"line":41,"column":2},"end":{"line":41,"column":53}},"43":{"start":{"line":44,"column":24},"end":{"line":68,"column":1}},"44":{"start":{"line":44,"column":33},"end":{"line":68,"column":1}},"45":{"start":{"line":45,"column":21},"end":{"line":45,"column":38}},"46":{"start":{"line":46,"column":23},"end":{"line":46,"column":41}},"47":{"start":{"line":47,"column":22},"end":{"line":47,"column":37}},"48":{"start":{"line":49,"column":2},"end":{"line":65,"column":3}},"49":{"start":{"line":50,"column":17},"end":{"line":50,"column":39}},"50":{"start":{"line":51,"column":22},"end":{"line":51,"column":37}},"51":{"start":{"line":52,"column":48},"end":{"line":52,"column":69}},"52":{"start":{"line":54,"column":4},"end":{"line":64,"column":5}},"53":{"start":{"line":55,"column":22},"end":{"line":55,"column":70}},"54":{"start":{"line":56,"column":50},"end":{"line":56,"column":57}},"55":{"start":{"line":57,"column":19},"end":{"line":57,"column":75}},"56":{"start":{"line":58,"column":19},"end":{"line":58,"column":67}},"57":{"start":{"line":60,"column":6},"end":{"line":63,"column":7}},"58":{"start":{"line":61,"column":8},"end":{"line":61,"column":31}},"59":{"start":{"line":62,"column":8},"end":{"line":62,"column":36}},"60":{"start":{"line":67,"column":2},"end":{"line":67,"column":21}},"61":{"start":{"line":70,"column":26},"end":{"line":78,"column":1}},"62":{"start":{"line":71,"column":15},"end":{"line":72,"column":70}},"63":{"start":{"line":72,"column":5},"end":{"line":72,"column":70}},"64":{"start":{"line":73,"column":19},"end":{"line":75,"column":31}},"65":{"start":{"line":74,"column":5},"end":{"line":75,"column":31}},"66":{"start":{"line":77,"column":2},"end":{"line":77,"column":50}},"67":{"start":{"line":80,"column":28},"end":{"line":80,"column":72}},"68":{"start":{"line":80,"column":37},"end":{"line":80,"column":72}},"69":{"start":{"line":81,"column":27},"end":{"line":82,"column":37}},"70":{"start":{"line":81,"column":36},"end":{"line":82,"column":37}},"71":{"start":{"line":81,"column":42},"end":{"line":82,"column":37}},"72":{"start":{"line":82,"column":2},"end":{"line":82,"column":37}}},"fnMap":{"0":{"name":"pathVal","decl":{"start":{"line":6,"column":16},"end":{"line":6,"column":17}},"loc":{"start":{"line":6,"column":33},"end":{"line":7,"column":28}}},"1":{"name":"pathVal","decl":{"start":{"line":6,"column":33},"end":{"line":6,"column":34}},"loc":{"start":{"line":6,"column":49},"end":{"line":7,"column":28}}},"2":{"name":"pathVal","decl":{"start":{"line":6,"column":49},"end":{"line":6,"column":50}},"loc":{"start":{"line":7,"column":3},"end":{"line":7,"column":27}}},"3":{"name":"addSrc","decl":{"start":{"line":9,"column":15},"end":{"line":9,"column":16}},"loc":{"start":{"line":9,"column":35},"end":{"line":10,"column":60}}},"4":{"name":"addSrc","decl":{"start":{"line":9,"column":35},"end":{"line":9,"column":36}},"loc":{"start":{"line":10,"column":2},"end":{"line":10,"column":60}}},"5":{"name":"initPath","decl":{"start":{"line":12,"column":24},"end":{"line":12,"column":25}},"loc":{"start":{"line":12,"column":32},"end":{"line":12,"column":46}}},"6":{"name":"ptW","decl":{"start":{"line":13,"column":19},"end":{"line":13,"column":20}},"loc":{"start":{"line":13,"column":39},"end":{"line":13,"column":45}}},"7":{"name":"ptL","decl":{"start":{"line":14,"column":19},"end":{"line":14,"column":20}},"loc":{"start":{"line":14,"column":39},"end":{"line":14,"column":45}}},"8":{"name":"lastVal","decl":{"start":{"line":15,"column":23},"end":{"line":15,"column":24}},"loc":{"start":{"line":15,"column":31},"end":{"line":15,"column":52}}},"9":{"name":"lastW","decl":{"start":{"line":16,"column":21},"end":{"line":16,"column":22}},"loc":{"start":{"line":16,"column":29},"end":{"line":16,"column":47}}},"10":{"name":"lastL","decl":{"start":{"line":17,"column":21},"end":{"line":17,"column":22}},"loc":{"start":{"line":17,"column":29},"end":{"line":17,"column":47}}},"11":{"name":"nextW","decl":{"start":{"line":18,"column":21},"end":{"line":18,"column":22}},"loc":{"start":{"line":18,"column":29},"end":{"line":18,"column":55}}},"12":{"name":"nextW","decl":{"start":{"line":18,"column":29},"end":{"line":18,"column":30}},"loc":{"start":{"line":18,"column":40},"end":{"line":18,"column":55}}},"13":{"name":"nextL","decl":{"start":{"line":19,"column":21},"end":{"line":19,"column":22}},"loc":{"start":{"line":19,"column":29},"end":{"line":19,"column":62}}},"14":{"name":"nextPath","decl":{"start":{"line":21,"column":24},"end":{"line":21,"column":25}},"loc":{"start":{"line":22,"column":2},"end":{"line":22,"column":64}}},"15":{"name":"dfs","decl":{"start":{"line":24,"column":19},"end":{"line":24,"column":20}},"loc":{"start":{"line":24,"column":28},"end":{"line":29,"column":1}}},"16":{"name":"dfs","decl":{"start":{"line":24,"column":28},"end":{"line":24,"column":29}},"loc":{"start":{"line":24,"column":37},"end":{"line":29,"column":1}}},"17":{"name":"trav","decl":{"start":{"line":25,"column":15},"end":{"line":25,"column":16}},"loc":{"start":{"line":26,"column":4},"end":{"line":26,"column":78}}},"18":{"name":"bfs","decl":{"start":{"line":31,"column":19},"end":{"line":31,"column":20}},"loc":{"start":{"line":31,"column":28},"end":{"line":42,"column":1}}},"19":{"name":"bfs","decl":{"start":{"line":31,"column":28},"end":{"line":31,"column":29}},"loc":{"start":{"line":31,"column":39},"end":{"line":42,"column":1}}},"20":{"name":"bVisit","decl":{"start":{"line":32,"column":17},"end":{"line":32,"column":18}},"loc":{"start":{"line":32,"column":26},"end":{"line":39,"column":3}}},"21":{"name":"bVisit","decl":{"start":{"line":32,"column":26},"end":{"line":32,"column":27}},"loc":{"start":{"line":32,"column":38},"end":{"line":39,"column":3}}},"22":{"name":"dijkstra","decl":{"start":{"line":44,"column":24},"end":{"line":44,"column":25}},"loc":{"start":{"line":44,"column":33},"end":{"line":68,"column":1}}},"23":{"name":"dijkstra","decl":{"start":{"line":44,"column":33},"end":{"line":44,"column":34}},"loc":{"start":{"line":44,"column":44},"end":{"line":68,"column":1}}},"24":{"name":"components","decl":{"start":{"line":70,"column":26},"end":{"line":70,"column":27}},"loc":{"start":{"line":70,"column":37},"end":{"line":78,"column":1}}},"25":{"name":"trav","decl":{"start":{"line":71,"column":15},"end":{"line":71,"column":16}},"loc":{"start":{"line":72,"column":5},"end":{"line":72,"column":70}}},"26":{"name":"visitMap","decl":{"start":{"line":73,"column":19},"end":{"line":73,"column":20}},"loc":{"start":{"line":74,"column":5},"end":{"line":75,"column":31}}},"27":{"name":"componentSet","decl":{"start":{"line":80,"column":28},"end":{"line":80,"column":29}},"loc":{"start":{"line":80,"column":37},"end":{"line":80,"column":72}}},"28":{"name":"pathBetween","decl":{"start":{"line":81,"column":27},"end":{"line":81,"column":28}},"loc":{"start":{"line":81,"column":36},"end":{"line":82,"column":37}}},"29":{"name":"pathBetween","decl":{"start":{"line":81,"column":36},"end":{"line":81,"column":37}},"loc":{"start":{"line":81,"column":42},"end":{"line":82,"column":37}}},"30":{"name":"pathBetween","decl":{"start":{"line":81,"column":42},"end":{"line":81,"column":43}},"loc":{"start":{"line":82,"column":2},"end":{"line":82,"column":37}}}},"branchMap":{"0":{"loc":{"start":{"line":6,"column":17},"end":{"line":6,"column":28}},"type":"default-arg","locations":[{"start":{"line":6,"column":24},"end":{"line":6,"column":28}}]},"1":{"loc":{"start":{"line":6,"column":34},"end":{"line":6,"column":44}},"type":"default-arg","locations":[{"start":{"line":6,"column":43},"end":{"line":6,"column":44}}]},"2":{"loc":{"start":{"line":6,"column":50},"end":{"line":6,"column":60}},"type":"default-arg","locations":[{"start":{"line":6,"column":59},"end":{"line":6,"column":60}}]},"3":{"loc":{"start":{"line":9,"column":16},"end":{"line":9,"column":30}},"type":"default-arg","locations":[{"start":{"line":9,"column":23},"end":{"line":9,"column":30}}]},"4":{"loc":{"start":{"line":13,"column":22},"end":{"line":13,"column":32}},"type":"default-arg","locations":[{"start":{"line":13,"column":31},"end":{"line":13,"column":32}}]},"5":{"loc":{"start":{"line":14,"column":22},"end":{"line":14,"column":32}},"type":"default-arg","locations":[{"start":{"line":14,"column":31},"end":{"line":14,"column":32}}]},"6":{"loc":{"start":{"line":18,"column":30},"end":{"line":18,"column":35}},"type":"default-arg","locations":[{"start":{"line":18,"column":34},"end":{"line":18,"column":35}}]},"7":{"loc":{"start":{"line":19,"column":29},"end":{"line":19,"column":62}},"type":"cond-expr","locations":[{"start":{"line":19,"column":43},"end":{"line":19,"column":58}},{"start":{"line":19,"column":61},"end":{"line":19,"column":62}}]},"8":{"loc":{"start":{"line":21,"column":25},"end":{"line":21,"column":39}},"type":"default-arg","locations":[{"start":{"line":21,"column":32},"end":{"line":21,"column":39}}]},"9":{"loc":{"start":{"line":21,"column":46},"end":{"line":21,"column":51}},"type":"default-arg","locations":[{"start":{"line":21,"column":50},"end":{"line":21,"column":51}}]},"10":{"loc":{"start":{"line":25,"column":16},"end":{"line":25,"column":36}},"type":"default-arg","locations":[{"start":{"line":25,"column":23},"end":{"line":25,"column":36}}]},"11":{"loc":{"start":{"line":25,"column":38},"end":{"line":25,"column":67}},"type":"default-arg","locations":[{"start":{"line":25,"column":49},"end":{"line":25,"column":67}}]},"12":{"loc":{"start":{"line":38,"column":11},"end":{"line":38,"column":58}},"type":"cond-expr","locations":[{"start":{"line":38,"column":29},"end":{"line":38,"column":50}},{"start":{"line":38,"column":53},"end":{"line":38,"column":58}}]},"13":{"loc":{"start":{"line":55,"column":22},"end":{"line":55,"column":70}},"type":"binary-expr","locations":[{"start":{"line":55,"column":22},"end":{"line":55,"column":42}},{"start":{"line":55,"column":46},"end":{"line":55,"column":70}}]},"14":{"loc":{"start":{"line":58,"column":19},"end":{"line":58,"column":67}},"type":"cond-expr","locations":[{"start":{"line":58,"column":53},"end":{"line":58,"column":57}},{"start":{"line":58,"column":60},"end":{"line":58,"column":67}}]},"15":{"loc":{"start":{"line":60,"column":6},"end":{"line":63,"column":7}},"type":"if","locations":[{"start":{"line":60,"column":6},"end":{"line":63,"column":7}},{"start":{"line":60,"column":6},"end":{"line":63,"column":7}}]},"16":{"loc":{"start":{"line":71,"column":16},"end":{"line":71,"column":30}},"type":"default-arg","locations":[{"start":{"line":71,"column":23},"end":{"line":71,"column":30}}]},"17":{"loc":{"start":{"line":73,"column":20},"end":{"line":73,"column":34}},"type":"default-arg","locations":[{"start":{"line":73,"column":27},"end":{"line":73,"column":34}}]}},"s":{"0":7,"1":7,"2":7,"3":79,"4":79,"5":79,"6":7,"7":9,"8":9,"9":7,"10":9,"11":7,"12":79,"13":7,"14":158,"15":7,"16":237,"17":7,"18":79,"19":7,"20":158,"21":7,"22":79,"23":79,"24":7,"25":79,"26":7,"27":79,"28":7,"29":2,"30":2,"31":23,"32":2,"33":7,"34":2,"35":2,"36":2,"37":2,"38":2,"39":2,"40":2,"41":2,"42":2,"43":7,"44":1,"45":1,"46":1,"47":1,"48":1,"49":7,"50":7,"51":7,"52":7,"53":18,"54":18,"55":18,"56":18,"57":18,"58":6,"59":6,"60":1,"61":7,"62":100,"63":21664,"64":100,"65":904,"66":100,"67":7,"68":98,"69":7,"70":1,"71":1,"72":1},"f":{"0":79,"1":79,"2":79,"3":9,"4":9,"5":9,"6":79,"7":158,"8":237,"9":79,"10":158,"11":79,"12":79,"13":79,"14":79,"15":2,"16":2,"17":23,"18":2,"19":2,"20":2,"21":2,"22":1,"23":1,"24":100,"25":21664,"26":904,"27":98,"28":1,"29":1,"30":1},"b":{"0":[0],"1":[0],"2":[0],"3":[9],"4":[0],"5":[0],"6":[0],"7":[79,0],"8":[0],"9":[0],"10":[0],"11":[2],"12":[0,2],"13":[18,9],"14":[2,16],"15":[6,12],"16":[0],"17":[0]},"_coverageSchema":"332fd63041d2c1bcb487cc26dd0d5f7d97098a6c","hash":"4d0daea938270f35b2225a03f9be526cfa7b9225"}
,"/Users/tfpractice/sites/mods/graph-curry/src/strings.js": {"path":"/Users/tfpractice/sites/mods/graph-curry/src/strings.js","statementMap":{"0":{"start":{"line":3,"column":53},"end":{"line":3,"column":64}},"1":{"start":{"line":5,"column":22},"end":{"line":6,"column":68}},"2":{"start":{"line":6,"column":2},"end":{"line":6,"column":68}},"3":{"start":{"line":7,"column":26},"end":{"line":7,"column":65}},"4":{"start":{"line":7,"column":34},"end":{"line":7,"column":65}},"5":{"start":{"line":8,"column":23},"end":{"line":8,"column":63}},"6":{"start":{"line":8,"column":31},"end":{"line":8,"column":63}},"7":{"start":{"line":9,"column":23},"end":{"line":9,"column":63}},"8":{"start":{"line":9,"column":31},"end":{"line":9,"column":63}},"9":{"start":{"line":10,"column":24},"end":{"line":10,"column":65}},"10":{"start":{"line":10,"column":32},"end":{"line":10,"column":65}},"11":{"start":{"line":12,"column":26},"end":{"line":12,"column":70}},"12":{"start":{"line":12,"column":34},"end":{"line":12,"column":70}},"13":{"start":{"line":13,"column":26},"end":{"line":13,"column":85}},"14":{"start":{"line":13,"column":44},"end":{"line":13,"column":85}},"15":{"start":{"line":15,"column":31},"end":{"line":16,"column":49}},"16":{"start":{"line":16,"column":2},"end":{"line":16,"column":49}},"17":{"start":{"line":18,"column":27},"end":{"line":21,"column":22}},"18":{"start":{"line":19,"column":2},"end":{"line":21,"column":22}},"19":{"start":{"line":20,"column":4},"end":{"line":20,"column":37}},"20":{"start":{"line":23,"column":25},"end":{"line":23,"column":60}},"21":{"start":{"line":23,"column":41},"end":{"line":23,"column":59}}},"fnMap":{"0":{"name":"redStr","decl":{"start":{"line":5,"column":22},"end":{"line":5,"column":23}},"loc":{"start":{"line":6,"column":2},"end":{"line":6,"column":68}}},"1":{"name":"collString","decl":{"start":{"line":7,"column":26},"end":{"line":7,"column":27}},"loc":{"start":{"line":7,"column":34},"end":{"line":7,"column":65}}},"2":{"name":"kString","decl":{"start":{"line":8,"column":23},"end":{"line":8,"column":24}},"loc":{"start":{"line":8,"column":31},"end":{"line":8,"column":63}}},"3":{"name":"vString","decl":{"start":{"line":9,"column":23},"end":{"line":9,"column":24}},"loc":{"start":{"line":9,"column":31},"end":{"line":9,"column":63}}},"4":{"name":"kvString","decl":{"start":{"line":10,"column":24},"end":{"line":10,"column":25}},"loc":{"start":{"line":10,"column":32},"end":{"line":10,"column":65}}},"5":{"name":"pathString","decl":{"start":{"line":12,"column":26},"end":{"line":12,"column":27}},"loc":{"start":{"line":12,"column":34},"end":{"line":12,"column":70}}},"6":{"name":"edgeString","decl":{"start":{"line":13,"column":26},"end":{"line":13,"column":27}},"loc":{"start":{"line":13,"column":44},"end":{"line":13,"column":85}}},"7":{"name":"componentString","decl":{"start":{"line":15,"column":31},"end":{"line":15,"column":32}},"loc":{"start":{"line":16,"column":2},"end":{"line":16,"column":49}}},"8":{"name":"graphString","decl":{"start":{"line":18,"column":27},"end":{"line":18,"column":28}},"loc":{"start":{"line":19,"column":2},"end":{"line":21,"column":22}}},"9":{"name":"graphString","decl":{"start":{"line":19,"column":25},"end":{"line":19,"column":26}},"loc":{"start":{"line":20,"column":4},"end":{"line":20,"column":37}}},"10":{"name":"showGraph","decl":{"start":{"line":23,"column":25},"end":{"line":23,"column":26}},"loc":{"start":{"line":23,"column":41},"end":{"line":23,"column":59}}}},"branchMap":{"0":{"loc":{"start":{"line":5,"column":23},"end":{"line":5,"column":32}},"type":"default-arg","locations":[{"start":{"line":5,"column":29},"end":{"line":5,"column":32}}]},"1":{"loc":{"start":{"line":6,"column":2},"end":{"line":6,"column":68}},"type":"cond-expr","locations":[{"start":{"line":6,"column":23},"end":{"line":6,"column":43}},{"start":{"line":6,"column":46},"end":{"line":6,"column":68}}]}},"s":{"0":7,"1":7,"2":17,"3":7,"4":1,"5":7,"6":2,"7":7,"8":1,"9":7,"10":1,"11":7,"12":1,"13":7,"14":1,"15":7,"16":0,"17":7,"18":0,"19":0,"20":7,"21":0},"f":{"0":17,"1":1,"2":2,"3":1,"4":1,"5":1,"6":1,"7":0,"8":0,"9":0,"10":0},"b":{"0":[0],"1":[4,13]},"_coverageSchema":"332fd63041d2c1bcb487cc26dd0d5f7d97098a6c","hash":"1eacfe48ae8c6929267045817b33a3e8f07d38ad"}
,"/Users/tfpractice/sites/mods/graph-curry/src/tree.js": {"path":"/Users/tfpractice/sites/mods/graph-curry/src/tree.js","statementMap":{"0":{"start":{"line":3,"column":70},"end":{"line":3,"column":81}},"1":{"start":{"line":14,"column":31},"end":{"line":14,"column":56}},"2":{"start":{"line":14,"column":36},"end":{"line":14,"column":56}},"3":{"start":{"line":16,"column":30},"end":{"line":17,"column":46}},"4":{"start":{"line":16,"column":35},"end":{"line":17,"column":46}},"5":{"start":{"line":16,"column":42},"end":{"line":17,"column":46}},"6":{"start":{"line":16,"column":48},"end":{"line":17,"column":46}},"7":{"start":{"line":19,"column":33},"end":{"line":19,"column":79}},"8":{"start":{"line":19,"column":53},"end":{"line":19,"column":79}},"9":{"start":{"line":20,"column":24},"end":{"line":20,"column":49}},"10":{"start":{"line":20,"column":29},"end":{"line":20,"column":49}},"11":{"start":{"line":21,"column":25},"end":{"line":21,"column":66}},"12":{"start":{"line":21,"column":31},"end":{"line":21,"column":66}},"13":{"start":{"line":21,"column":37},"end":{"line":21,"column":66}},"14":{"start":{"line":23,"column":21},"end":{"line":23,"column":79}},"15":{"start":{"line":23,"column":26},"end":{"line":23,"column":79}},"16":{"start":{"line":23,"column":33},"end":{"line":23,"column":79}},"17":{"start":{"line":23,"column":39},"end":{"line":23,"column":79}},"18":{"start":{"line":24,"column":24},"end":{"line":24,"column":66}},"19":{"start":{"line":24,"column":29},"end":{"line":24,"column":66}},"20":{"start":{"line":24,"column":36},"end":{"line":24,"column":66}},"21":{"start":{"line":24,"column":50},"end":{"line":24,"column":66}},"22":{"start":{"line":25,"column":25},"end":{"line":25,"column":76}},"23":{"start":{"line":25,"column":30},"end":{"line":25,"column":76}},"24":{"start":{"line":25,"column":37},"end":{"line":25,"column":76}},"25":{"start":{"line":26,"column":25},"end":{"line":26,"column":74}},"26":{"start":{"line":26,"column":30},"end":{"line":26,"column":74}},"27":{"start":{"line":26,"column":37},"end":{"line":26,"column":74}},"28":{"start":{"line":27,"column":15},"end":{"line":27,"column":42}},"29":{"start":{"line":27,"column":36},"end":{"line":27,"column":42}},"30":{"start":{"line":29,"column":26},"end":{"line":35,"column":1}},"31":{"start":{"line":29,"column":31},"end":{"line":35,"column":1}},"32":{"start":{"line":30,"column":15},"end":{"line":32,"column":45}},"33":{"start":{"line":31,"column":4},"end":{"line":32,"column":45}},"34":{"start":{"line":34,"column":2},"end":{"line":34,"column":29}},"35":{"start":{"line":37,"column":26},"end":{"line":37,"column":79}},"36":{"start":{"line":37,"column":31},"end":{"line":37,"column":79}},"37":{"start":{"line":37,"column":38},"end":{"line":37,"column":79}},"38":{"start":{"line":38,"column":29},"end":{"line":39,"column":43}},"39":{"start":{"line":39,"column":1},"end":{"line":39,"column":42}}},"fnMap":{"0":{"name":"countComponents","decl":{"start":{"line":14,"column":31},"end":{"line":14,"column":32}},"loc":{"start":{"line":14,"column":36},"end":{"line":14,"column":56}}},"1":{"name":"selectNeighbor","decl":{"start":{"line":16,"column":30},"end":{"line":16,"column":31}},"loc":{"start":{"line":16,"column":35},"end":{"line":17,"column":46}}},"2":{"name":"selectNeighbor","decl":{"start":{"line":16,"column":35},"end":{"line":16,"column":36}},"loc":{"start":{"line":16,"column":42},"end":{"line":17,"column":46}}},"3":{"name":"selectNeighbor","decl":{"start":{"line":16,"column":42},"end":{"line":16,"column":43}},"loc":{"start":{"line":16,"column":48},"end":{"line":17,"column":46}}},"4":{"name":"selectNeighborBin","decl":{"start":{"line":19,"column":33},"end":{"line":19,"column":34}},"loc":{"start":{"line":19,"column":53},"end":{"line":19,"column":79}}},"5":{"name":"compSize","decl":{"start":{"line":20,"column":24},"end":{"line":20,"column":25}},"loc":{"start":{"line":20,"column":29},"end":{"line":20,"column":49}}},"6":{"name":"sameComps","decl":{"start":{"line":21,"column":25},"end":{"line":21,"column":26}},"loc":{"start":{"line":21,"column":31},"end":{"line":21,"column":66}}},"7":{"name":"sameComps","decl":{"start":{"line":21,"column":31},"end":{"line":21,"column":32}},"loc":{"start":{"line":21,"column":37},"end":{"line":21,"column":66}}},"8":{"name":"uncut","decl":{"start":{"line":23,"column":21},"end":{"line":23,"column":22}},"loc":{"start":{"line":23,"column":26},"end":{"line":23,"column":79}}},"9":{"name":"uncut","decl":{"start":{"line":23,"column":26},"end":{"line":23,"column":27}},"loc":{"start":{"line":23,"column":33},"end":{"line":23,"column":79}}},"10":{"name":"uncut","decl":{"start":{"line":23,"column":33},"end":{"line":23,"column":34}},"loc":{"start":{"line":23,"column":39},"end":{"line":23,"column":79}}},"11":{"name":"uncutKey","decl":{"start":{"line":24,"column":24},"end":{"line":24,"column":25}},"loc":{"start":{"line":24,"column":29},"end":{"line":24,"column":66}}},"12":{"name":"uncutKey","decl":{"start":{"line":24,"column":29},"end":{"line":24,"column":30}},"loc":{"start":{"line":24,"column":36},"end":{"line":24,"column":66}}},"13":{"name":"uncutKey","decl":{"start":{"line":24,"column":36},"end":{"line":24,"column":37}},"loc":{"start":{"line":24,"column":50},"end":{"line":24,"column":66}}},"14":{"name":"safeNabes","decl":{"start":{"line":25,"column":25},"end":{"line":25,"column":26}},"loc":{"start":{"line":25,"column":30},"end":{"line":25,"column":76}}},"15":{"name":"safeNabes","decl":{"start":{"line":25,"column":30},"end":{"line":25,"column":31}},"loc":{"start":{"line":25,"column":37},"end":{"line":25,"column":76}}},"16":{"name":"nextUncut","decl":{"start":{"line":26,"column":25},"end":{"line":26,"column":26}},"loc":{"start":{"line":26,"column":30},"end":{"line":26,"column":74}}},"17":{"name":"nextUncut","decl":{"start":{"line":26,"column":30},"end":{"line":26,"column":31}},"loc":{"start":{"line":26,"column":37},"end":{"line":26,"column":74}}},"18":{"name":"single","decl":{"start":{"line":27,"column":15},"end":{"line":27,"column":16}},"loc":{"start":{"line":27,"column":36},"end":{"line":27,"column":42}}},"19":{"name":"safeSearch","decl":{"start":{"line":29,"column":26},"end":{"line":29,"column":27}},"loc":{"start":{"line":29,"column":31},"end":{"line":35,"column":1}}},"20":{"name":"safeSearch","decl":{"start":{"line":29,"column":31},"end":{"line":29,"column":32}},"loc":{"start":{"line":29,"column":40},"end":{"line":35,"column":1}}},"21":{"name":"trav","decl":{"start":{"line":30,"column":15},"end":{"line":30,"column":16}},"loc":{"start":{"line":31,"column":4},"end":{"line":32,"column":45}}},"22":{"name":"safeReduce","decl":{"start":{"line":37,"column":26},"end":{"line":37,"column":27}},"loc":{"start":{"line":37,"column":31},"end":{"line":37,"column":79}}},"23":{"name":"safeReduce","decl":{"start":{"line":37,"column":31},"end":{"line":37,"column":32}},"loc":{"start":{"line":37,"column":38},"end":{"line":37,"column":79}}},"24":{"name":"safeReduceBin","decl":{"start":{"line":38,"column":29},"end":{"line":38,"column":30}},"loc":{"start":{"line":39,"column":1},"end":{"line":39,"column":42}}}},"branchMap":{"0":{"loc":{"start":{"line":16,"column":48},"end":{"line":17,"column":46}},"type":"cond-expr","locations":[{"start":{"line":17,"column":0},"end":{"line":17,"column":42}},{"start":{"line":17,"column":45},"end":{"line":17,"column":46}}]},"1":{"loc":{"start":{"line":30,"column":16},"end":{"line":30,"column":36}},"type":"default-arg","locations":[{"start":{"line":30,"column":23},"end":{"line":30,"column":36}}]},"2":{"loc":{"start":{"line":30,"column":38},"end":{"line":30,"column":67}},"type":"default-arg","locations":[{"start":{"line":30,"column":49},"end":{"line":30,"column":67}}]}},"s":{"0":1,"1":1,"2":0,"3":1,"4":52,"5":52,"6":52,"7":1,"8":0,"9":1,"10":96,"11":1,"12":48,"13":48,"14":1,"15":48,"16":48,"17":48,"18":1,"19":52,"20":52,"21":48,"22":1,"23":0,"24":0,"25":1,"26":0,"27":0,"28":1,"29":0,"30":1,"31":4,"32":4,"33":52,"34":4,"35":1,"36":0,"37":0,"38":1,"39":0},"f":{"0":0,"1":52,"2":52,"3":52,"4":0,"5":96,"6":48,"7":48,"8":48,"9":48,"10":48,"11":52,"12":52,"13":48,"14":0,"15":0,"16":0,"17":0,"18":0,"19":4,"20":4,"21":52,"22":0,"23":0,"24":0},"b":{"0":[52,0],"1":[0],"2":[4]},"_coverageSchema":"332fd63041d2c1bcb487cc26dd0d5f7d97098a6c","hash":"f8a2ede7529518f1e7ab2ce4843b4d08af3a31ef"}
}
