{"/Users/tfpractice/sites/mods/graph-curry/src/graph.js": {"path":"/Users/tfpractice/sites/mods/graph-curry/src/graph.js","statementMap":{"0":{"start":{"line":5,"column":47},"end":{"line":5,"column":58}},"1":{"start":{"line":6,"column":44},"end":{"line":6,"column":55}},"2":{"start":{"line":8,"column":28},"end":{"line":8,"column":74}},"3":{"start":{"line":8,"column":42},"end":{"line":8,"column":74}},"4":{"start":{"line":9,"column":21},"end":{"line":9,"column":44}},"5":{"start":{"line":9,"column":30},"end":{"line":9,"column":44}},"6":{"start":{"line":10,"column":20},"end":{"line":10,"column":25}},"7":{"start":{"line":11,"column":21},"end":{"line":11,"column":50}},"8":{"start":{"line":11,"column":30},"end":{"line":11,"column":50}},"9":{"start":{"line":12,"column":19},"end":{"line":12,"column":56}},"10":{"start":{"line":12,"column":28},"end":{"line":12,"column":56}},"11":{"start":{"line":12,"column":35},"end":{"line":12,"column":56}},"12":{"start":{"line":13,"column":25},"end":{"line":13,"column":63}},"13":{"start":{"line":13,"column":34},"end":{"line":13,"column":63}},"14":{"start":{"line":13,"column":41},"end":{"line":13,"column":63}},"15":{"start":{"line":14,"column":24},"end":{"line":14,"column":58}},"16":{"start":{"line":14,"column":33},"end":{"line":14,"column":58}},"17":{"start":{"line":14,"column":41},"end":{"line":14,"column":58}},"18":{"start":{"line":15,"column":26},"end":{"line":16,"column":33}},"19":{"start":{"line":15,"column":35},"end":{"line":16,"column":33}},"20":{"start":{"line":15,"column":42},"end":{"line":16,"column":33}},"21":{"start":{"line":16,"column":2},"end":{"line":16,"column":33}},"22":{"start":{"line":18,"column":24},"end":{"line":18,"column":76}},"23":{"start":{"line":18,"column":33},"end":{"line":18,"column":76}},"24":{"start":{"line":18,"column":46},"end":{"line":18,"column":76}},"25":{"start":{"line":19,"column":27},"end":{"line":19,"column":84}},"26":{"start":{"line":19,"column":36},"end":{"line":19,"column":84}},"27":{"start":{"line":19,"column":49},"end":{"line":19,"column":84}},"28":{"start":{"line":20,"column":26},"end":{"line":20,"column":80}},"29":{"start":{"line":20,"column":35},"end":{"line":20,"column":80}},"30":{"start":{"line":20,"column":48},"end":{"line":20,"column":80}},"31":{"start":{"line":22,"column":24},"end":{"line":23,"column":53}},"32":{"start":{"line":22,"column":33},"end":{"line":23,"column":53}},"33":{"start":{"line":22,"column":49},"end":{"line":23,"column":53}},"34":{"start":{"line":23,"column":2},"end":{"line":23,"column":53}},"35":{"start":{"line":25,"column":27},"end":{"line":26,"column":52}},"36":{"start":{"line":25,"column":36},"end":{"line":26,"column":52}},"37":{"start":{"line":25,"column":43},"end":{"line":26,"column":52}},"38":{"start":{"line":26,"column":2},"end":{"line":26,"column":52}},"39":{"start":{"line":28,"column":26},"end":{"line":28,"column":81}},"40":{"start":{"line":28,"column":35},"end":{"line":28,"column":81}},"41":{"start":{"line":28,"column":48},"end":{"line":28,"column":81}},"42":{"start":{"line":30,"column":27},"end":{"line":31,"column":36}},"43":{"start":{"line":30,"column":36},"end":{"line":31,"column":36}},"44":{"start":{"line":30,"column":43},"end":{"line":31,"column":36}},"45":{"start":{"line":31,"column":2},"end":{"line":31,"column":36}},"46":{"start":{"line":33,"column":24},"end":{"line":33,"column":73}},"47":{"start":{"line":33,"column":33},"end":{"line":33,"column":73}},"48":{"start":{"line":33,"column":49},"end":{"line":33,"column":73}},"49":{"start":{"line":35,"column":30},"end":{"line":35,"column":38}}},"fnMap":{"0":{"name":"fromElements","decl":{"start":{"line":8,"column":28},"end":{"line":8,"column":29}},"loc":{"start":{"line":8,"column":42},"end":{"line":8,"column":74}}},"1":{"name":"spawn","decl":{"start":{"line":9,"column":21},"end":{"line":9,"column":22}},"loc":{"start":{"line":9,"column":30},"end":{"line":9,"column":44}}},"2":{"name":"nodes","decl":{"start":{"line":11,"column":21},"end":{"line":11,"column":22}},"loc":{"start":{"line":11,"column":30},"end":{"line":11,"column":50}}},"3":{"name":"adj","decl":{"start":{"line":12,"column":19},"end":{"line":12,"column":20}},"loc":{"start":{"line":12,"column":28},"end":{"line":12,"column":56}}},"4":{"name":"adj","decl":{"start":{"line":12,"column":28},"end":{"line":12,"column":29}},"loc":{"start":{"line":12,"column":35},"end":{"line":12,"column":56}}},"5":{"name":"neighbors","decl":{"start":{"line":13,"column":25},"end":{"line":13,"column":26}},"loc":{"start":{"line":13,"column":34},"end":{"line":13,"column":63}}},"6":{"name":"neighbors","decl":{"start":{"line":13,"column":34},"end":{"line":13,"column":35}},"loc":{"start":{"line":13,"column":41},"end":{"line":13,"column":63}}},"7":{"name":"contains","decl":{"start":{"line":14,"column":24},"end":{"line":14,"column":25}},"loc":{"start":{"line":14,"column":33},"end":{"line":14,"column":58}}},"8":{"name":"contains","decl":{"start":{"line":14,"column":33},"end":{"line":14,"column":34}},"loc":{"start":{"line":14,"column":41},"end":{"line":14,"column":58}}},"9":{"name":"isAdjacent","decl":{"start":{"line":15,"column":26},"end":{"line":15,"column":27}},"loc":{"start":{"line":15,"column":35},"end":{"line":16,"column":33}}},"10":{"name":"isAdjacent","decl":{"start":{"line":15,"column":35},"end":{"line":15,"column":36}},"loc":{"start":{"line":15,"column":42},"end":{"line":16,"column":33}}},"11":{"name":"isAdjacent","decl":{"start":{"line":15,"column":42},"end":{"line":15,"column":43}},"loc":{"start":{"line":16,"column":2},"end":{"line":16,"column":33}}},"12":{"name":"addNodes","decl":{"start":{"line":18,"column":24},"end":{"line":18,"column":25}},"loc":{"start":{"line":18,"column":33},"end":{"line":18,"column":76}}},"13":{"name":"addNodes","decl":{"start":{"line":18,"column":33},"end":{"line":18,"column":34}},"loc":{"start":{"line":18,"column":46},"end":{"line":18,"column":76}}},"14":{"name":"removeNodes","decl":{"start":{"line":19,"column":27},"end":{"line":19,"column":28}},"loc":{"start":{"line":19,"column":36},"end":{"line":19,"column":84}}},"15":{"name":"removeNodes","decl":{"start":{"line":19,"column":36},"end":{"line":19,"column":37}},"loc":{"start":{"line":19,"column":49},"end":{"line":19,"column":84}}},"16":{"name":"resetNodes","decl":{"start":{"line":20,"column":26},"end":{"line":20,"column":27}},"loc":{"start":{"line":20,"column":35},"end":{"line":20,"column":80}}},"17":{"name":"resetNodes","decl":{"start":{"line":20,"column":35},"end":{"line":20,"column":36}},"loc":{"start":{"line":20,"column":48},"end":{"line":20,"column":80}}},"18":{"name":"addEdges","decl":{"start":{"line":22,"column":24},"end":{"line":22,"column":25}},"loc":{"start":{"line":22,"column":33},"end":{"line":23,"column":53}}},"19":{"name":"addEdges","decl":{"start":{"line":22,"column":33},"end":{"line":22,"column":34}},"loc":{"start":{"line":22,"column":49},"end":{"line":23,"column":53}}},"20":{"name":"addEdges","decl":{"start":{"line":22,"column":49},"end":{"line":22,"column":50}},"loc":{"start":{"line":23,"column":2},"end":{"line":23,"column":53}}},"21":{"name":"removeEdges","decl":{"start":{"line":25,"column":27},"end":{"line":25,"column":28}},"loc":{"start":{"line":25,"column":36},"end":{"line":26,"column":52}}},"22":{"name":"removeEdges","decl":{"start":{"line":25,"column":36},"end":{"line":25,"column":37}},"loc":{"start":{"line":25,"column":43},"end":{"line":26,"column":52}}},"23":{"name":"removeEdges","decl":{"start":{"line":25,"column":43},"end":{"line":25,"column":44}},"loc":{"start":{"line":26,"column":2},"end":{"line":26,"column":52}}},"24":{"name":"mergeEdges","decl":{"start":{"line":28,"column":26},"end":{"line":28,"column":27}},"loc":{"start":{"line":28,"column":35},"end":{"line":28,"column":81}}},"25":{"name":"mergeEdges","decl":{"start":{"line":28,"column":35},"end":{"line":28,"column":36}},"loc":{"start":{"line":28,"column":48},"end":{"line":28,"column":81}}},"26":{"name":"addNeighbor","decl":{"start":{"line":30,"column":27},"end":{"line":30,"column":28}},"loc":{"start":{"line":30,"column":36},"end":{"line":31,"column":36}}},"27":{"name":"addNeighbor","decl":{"start":{"line":30,"column":36},"end":{"line":30,"column":37}},"loc":{"start":{"line":30,"column":43},"end":{"line":31,"column":36}}},"28":{"name":"addNeighbor","decl":{"start":{"line":30,"column":43},"end":{"line":30,"column":44}},"loc":{"start":{"line":31,"column":2},"end":{"line":31,"column":36}}},"29":{"name":"addEntry","decl":{"start":{"line":33,"column":24},"end":{"line":33,"column":25}},"loc":{"start":{"line":33,"column":33},"end":{"line":33,"column":73}}},"30":{"name":"addEntry","decl":{"start":{"line":33,"column":33},"end":{"line":33,"column":34}},"loc":{"start":{"line":33,"column":49},"end":{"line":33,"column":73}}}},"branchMap":{"0":{"loc":{"start":{"line":22,"column":39},"end":{"line":22,"column":44}},"type":"default-arg","locations":[{"start":{"line":22,"column":43},"end":{"line":22,"column":44}}]},"1":{"loc":{"start":{"line":30,"column":47},"end":{"line":30,"column":52}},"type":"default-arg","locations":[{"start":{"line":30,"column":51},"end":{"line":30,"column":52}}]},"2":{"loc":{"start":{"line":33,"column":38},"end":{"line":33,"column":43}},"type":"default-arg","locations":[{"start":{"line":33,"column":42},"end":{"line":33,"column":43}}]}},"s":{"0":4,"1":4,"2":4,"3":12,"4":4,"5":45,"6":4,"7":4,"8":8,"9":4,"10":17,"11":17,"12":4,"13":3,"14":3,"15":4,"16":8,"17":8,"18":4,"19":6,"20":6,"21":6,"22":4,"23":2,"24":2,"25":4,"26":2,"27":2,"28":4,"29":2,"30":2,"31":4,"32":26,"33":26,"34":26,"35":4,"36":2,"37":2,"38":2,"39":4,"40":2,"41":2,"42":4,"43":4,"44":4,"45":4,"46":4,"47":2,"48":2,"49":4},"f":{"0":12,"1":45,"2":8,"3":17,"4":17,"5":3,"6":3,"7":8,"8":8,"9":6,"10":6,"11":6,"12":2,"13":2,"14":2,"15":2,"16":2,"17":2,"18":26,"19":26,"20":26,"21":2,"22":2,"23":2,"24":2,"25":2,"26":4,"27":4,"28":4,"29":2,"30":2},"b":{"0":[2],"1":[0],"2":[0]},"_coverageSchema":"332fd63041d2c1bcb487cc26dd0d5f7d97098a6c","hash":"42e78757ff74fe10b772ea6e235fee6d1c4dbff8"}
,"/Users/tfpractice/sites/mods/graph-curry/src/index.js": {"path":"/Users/tfpractice/sites/mods/graph-curry/src/index.js","statementMap":{},"fnMap":{},"branchMap":{},"s":{},"f":{},"b":{},"_coverageSchema":"332fd63041d2c1bcb487cc26dd0d5f7d97098a6c","hash":"ba036520ce32d40a7700cbd4c5186394d034b7ed"}
,"/Users/tfpractice/sites/mods/graph-curry/src/reducers.js": {"path":"/Users/tfpractice/sites/mods/graph-curry/src/reducers.js","statementMap":{"0":{"start":{"line":3,"column":74},"end":{"line":3,"column":78}},"1":{"start":{"line":5,"column":28},"end":{"line":5,"column":71}},"2":{"start":{"line":5,"column":44},"end":{"line":5,"column":71}},"3":{"start":{"line":7,"column":26},"end":{"line":8,"column":46}},"4":{"start":{"line":8,"column":2},"end":{"line":8,"column":46}},"5":{"start":{"line":10,"column":26},"end":{"line":12,"column":76}},"6":{"start":{"line":10,"column":58},"end":{"line":12,"column":76}},"7":{"start":{"line":14,"column":29},"end":{"line":16,"column":75}},"8":{"start":{"line":14,"column":54},"end":{"line":16,"column":75}},"9":{"start":{"line":18,"column":29},"end":{"line":20,"column":45}},"10":{"start":{"line":19,"column":0},"end":{"line":20,"column":45}},"11":{"start":{"line":22,"column":29},"end":{"line":23,"column":51}},"12":{"start":{"line":23,"column":1},"end":{"line":23,"column":51}}},"fnMap":{"0":{"name":"resetNodeBin","decl":{"start":{"line":5,"column":28},"end":{"line":5,"column":29}},"loc":{"start":{"line":5,"column":44},"end":{"line":5,"column":71}}},"1":{"name":"addNodeBin","decl":{"start":{"line":7,"column":26},"end":{"line":7,"column":27}},"loc":{"start":{"line":8,"column":2},"end":{"line":8,"column":46}}},"2":{"name":"addEdgeBin","decl":{"start":{"line":10,"column":26},"end":{"line":10,"column":27}},"loc":{"start":{"line":10,"column":58},"end":{"line":12,"column":76}}},"3":{"name":"removeEdgeBin","decl":{"start":{"line":14,"column":29},"end":{"line":14,"column":30}},"loc":{"start":{"line":14,"column":54},"end":{"line":16,"column":75}}},"4":{"name":"importEdgeBin","decl":{"start":{"line":18,"column":29},"end":{"line":18,"column":30}},"loc":{"start":{"line":19,"column":0},"end":{"line":20,"column":45}}},"5":{"name":"mergeEdgesBin","decl":{"start":{"line":22,"column":29},"end":{"line":22,"column":30}},"loc":{"start":{"line":23,"column":1},"end":{"line":23,"column":51}}}},"branchMap":{"0":{"loc":{"start":{"line":10,"column":45},"end":{"line":10,"column":51}},"type":"default-arg","locations":[{"start":{"line":10,"column":50},"end":{"line":10,"column":51}}]}},"s":{"0":4,"1":4,"2":5,"3":4,"4":234,"5":4,"6":91,"7":4,"8":3,"9":4,"10":51,"11":4,"12":12},"f":{"0":5,"1":234,"2":91,"3":3,"4":51,"5":12},"b":{"0":[4]},"_coverageSchema":"332fd63041d2c1bcb487cc26dd0d5f7d97098a6c","hash":"873d21bc6b653c21e7b09c3dbf7458dae970c83e"}
,"/Users/tfpractice/sites/mods/graph-curry/src/search.js": {"path":"/Users/tfpractice/sites/mods/graph-curry/src/search.js","statementMap":{"0":{"start":{"line":3,"column":62},"end":{"line":3,"column":73}},"1":{"start":{"line":4,"column":55},"end":{"line":4,"column":66}},"2":{"start":{"line":6,"column":16},"end":{"line":7,"column":28}},"3":{"start":{"line":6,"column":33},"end":{"line":7,"column":28}},"4":{"start":{"line":6,"column":49},"end":{"line":7,"column":28}},"5":{"start":{"line":7,"column":3},"end":{"line":7,"column":27}},"6":{"start":{"line":9,"column":15},"end":{"line":10,"column":60}},"7":{"start":{"line":9,"column":35},"end":{"line":10,"column":60}},"8":{"start":{"line":10,"column":2},"end":{"line":10,"column":60}},"9":{"start":{"line":12,"column":17},"end":{"line":12,"column":39}},"10":{"start":{"line":12,"column":25},"end":{"line":12,"column":39}},"11":{"start":{"line":13,"column":12},"end":{"line":13,"column":38}},"12":{"start":{"line":13,"column":32},"end":{"line":13,"column":38}},"13":{"start":{"line":14,"column":12},"end":{"line":14,"column":38}},"14":{"start":{"line":14,"column":32},"end":{"line":14,"column":38}},"15":{"start":{"line":15,"column":16},"end":{"line":15,"column":45}},"16":{"start":{"line":15,"column":24},"end":{"line":15,"column":45}},"17":{"start":{"line":16,"column":14},"end":{"line":16,"column":40}},"18":{"start":{"line":16,"column":22},"end":{"line":16,"column":40}},"19":{"start":{"line":17,"column":14},"end":{"line":17,"column":40}},"20":{"start":{"line":17,"column":22},"end":{"line":17,"column":40}},"21":{"start":{"line":18,"column":14},"end":{"line":18,"column":48}},"22":{"start":{"line":18,"column":22},"end":{"line":18,"column":48}},"23":{"start":{"line":18,"column":33},"end":{"line":18,"column":48}},"24":{"start":{"line":19,"column":14},"end":{"line":19,"column":55}},"25":{"start":{"line":19,"column":22},"end":{"line":19,"column":55}},"26":{"start":{"line":21,"column":17},"end":{"line":22,"column":64}},"27":{"start":{"line":22,"column":2},"end":{"line":22,"column":64}},"28":{"start":{"line":24,"column":19},"end":{"line":29,"column":1}},"29":{"start":{"line":24,"column":28},"end":{"line":29,"column":1}},"30":{"start":{"line":25,"column":15},"end":{"line":26,"column":78}},"31":{"start":{"line":26,"column":4},"end":{"line":26,"column":78}},"32":{"start":{"line":28,"column":2},"end":{"line":28,"column":29}},"33":{"start":{"line":31,"column":19},"end":{"line":42,"column":1}},"34":{"start":{"line":31,"column":28},"end":{"line":42,"column":1}},"35":{"start":{"line":32,"column":17},"end":{"line":39,"column":3}},"36":{"start":{"line":32,"column":26},"end":{"line":39,"column":3}},"37":{"start":{"line":33,"column":17},"end":{"line":33,"column":33}},"38":{"start":{"line":34,"column":22},"end":{"line":34,"column":53}},"39":{"start":{"line":36,"column":4},"end":{"line":36,"column":46}},"40":{"start":{"line":37,"column":4},"end":{"line":37,"column":49}},"41":{"start":{"line":38,"column":4},"end":{"line":38,"column":59}},"42":{"start":{"line":41,"column":2},"end":{"line":41,"column":53}},"43":{"start":{"line":44,"column":24},"end":{"line":68,"column":1}},"44":{"start":{"line":44,"column":33},"end":{"line":68,"column":1}},"45":{"start":{"line":45,"column":21},"end":{"line":45,"column":38}},"46":{"start":{"line":46,"column":23},"end":{"line":46,"column":41}},"47":{"start":{"line":47,"column":22},"end":{"line":47,"column":37}},"48":{"start":{"line":49,"column":2},"end":{"line":65,"column":3}},"49":{"start":{"line":50,"column":17},"end":{"line":50,"column":39}},"50":{"start":{"line":51,"column":22},"end":{"line":51,"column":37}},"51":{"start":{"line":52,"column":48},"end":{"line":52,"column":69}},"52":{"start":{"line":54,"column":4},"end":{"line":64,"column":5}},"53":{"start":{"line":55,"column":22},"end":{"line":55,"column":70}},"54":{"start":{"line":56,"column":50},"end":{"line":56,"column":57}},"55":{"start":{"line":57,"column":19},"end":{"line":57,"column":75}},"56":{"start":{"line":58,"column":19},"end":{"line":58,"column":67}},"57":{"start":{"line":60,"column":6},"end":{"line":63,"column":7}},"58":{"start":{"line":61,"column":8},"end":{"line":61,"column":31}},"59":{"start":{"line":62,"column":8},"end":{"line":62,"column":36}},"60":{"start":{"line":67,"column":2},"end":{"line":67,"column":21}},"61":{"start":{"line":70,"column":26},"end":{"line":78,"column":1}},"62":{"start":{"line":71,"column":15},"end":{"line":72,"column":70}},"63":{"start":{"line":72,"column":5},"end":{"line":72,"column":70}},"64":{"start":{"line":73,"column":19},"end":{"line":75,"column":31}},"65":{"start":{"line":74,"column":5},"end":{"line":75,"column":31}},"66":{"start":{"line":77,"column":2},"end":{"line":77,"column":50}},"67":{"start":{"line":80,"column":28},"end":{"line":80,"column":72}},"68":{"start":{"line":80,"column":37},"end":{"line":80,"column":72}},"69":{"start":{"line":81,"column":27},"end":{"line":82,"column":37}},"70":{"start":{"line":81,"column":36},"end":{"line":82,"column":37}},"71":{"start":{"line":81,"column":42},"end":{"line":82,"column":37}},"72":{"start":{"line":82,"column":2},"end":{"line":82,"column":37}}},"fnMap":{"0":{"name":"pathVal","decl":{"start":{"line":6,"column":16},"end":{"line":6,"column":17}},"loc":{"start":{"line":6,"column":33},"end":{"line":7,"column":28}}},"1":{"name":"pathVal","decl":{"start":{"line":6,"column":33},"end":{"line":6,"column":34}},"loc":{"start":{"line":6,"column":49},"end":{"line":7,"column":28}}},"2":{"name":"pathVal","decl":{"start":{"line":6,"column":49},"end":{"line":6,"column":50}},"loc":{"start":{"line":7,"column":3},"end":{"line":7,"column":27}}},"3":{"name":"addSrc","decl":{"start":{"line":9,"column":15},"end":{"line":9,"column":16}},"loc":{"start":{"line":9,"column":35},"end":{"line":10,"column":60}}},"4":{"name":"addSrc","decl":{"start":{"line":9,"column":35},"end":{"line":9,"column":36}},"loc":{"start":{"line":10,"column":2},"end":{"line":10,"column":60}}},"5":{"name":"initPath","decl":{"start":{"line":12,"column":17},"end":{"line":12,"column":18}},"loc":{"start":{"line":12,"column":25},"end":{"line":12,"column":39}}},"6":{"name":"ptW","decl":{"start":{"line":13,"column":12},"end":{"line":13,"column":13}},"loc":{"start":{"line":13,"column":32},"end":{"line":13,"column":38}}},"7":{"name":"ptL","decl":{"start":{"line":14,"column":12},"end":{"line":14,"column":13}},"loc":{"start":{"line":14,"column":32},"end":{"line":14,"column":38}}},"8":{"name":"lastVal","decl":{"start":{"line":15,"column":16},"end":{"line":15,"column":17}},"loc":{"start":{"line":15,"column":24},"end":{"line":15,"column":45}}},"9":{"name":"lastW","decl":{"start":{"line":16,"column":14},"end":{"line":16,"column":15}},"loc":{"start":{"line":16,"column":22},"end":{"line":16,"column":40}}},"10":{"name":"lastL","decl":{"start":{"line":17,"column":14},"end":{"line":17,"column":15}},"loc":{"start":{"line":17,"column":22},"end":{"line":17,"column":40}}},"11":{"name":"nextW","decl":{"start":{"line":18,"column":14},"end":{"line":18,"column":15}},"loc":{"start":{"line":18,"column":22},"end":{"line":18,"column":48}}},"12":{"name":"nextW","decl":{"start":{"line":18,"column":22},"end":{"line":18,"column":23}},"loc":{"start":{"line":18,"column":33},"end":{"line":18,"column":48}}},"13":{"name":"nextL","decl":{"start":{"line":19,"column":14},"end":{"line":19,"column":15}},"loc":{"start":{"line":19,"column":22},"end":{"line":19,"column":55}}},"14":{"name":"nextPath","decl":{"start":{"line":21,"column":17},"end":{"line":21,"column":18}},"loc":{"start":{"line":22,"column":2},"end":{"line":22,"column":64}}},"15":{"name":"dfs","decl":{"start":{"line":24,"column":19},"end":{"line":24,"column":20}},"loc":{"start":{"line":24,"column":28},"end":{"line":29,"column":1}}},"16":{"name":"dfs","decl":{"start":{"line":24,"column":28},"end":{"line":24,"column":29}},"loc":{"start":{"line":24,"column":37},"end":{"line":29,"column":1}}},"17":{"name":"trav","decl":{"start":{"line":25,"column":15},"end":{"line":25,"column":16}},"loc":{"start":{"line":26,"column":4},"end":{"line":26,"column":78}}},"18":{"name":"bfs","decl":{"start":{"line":31,"column":19},"end":{"line":31,"column":20}},"loc":{"start":{"line":31,"column":28},"end":{"line":42,"column":1}}},"19":{"name":"bfs","decl":{"start":{"line":31,"column":28},"end":{"line":31,"column":29}},"loc":{"start":{"line":31,"column":39},"end":{"line":42,"column":1}}},"20":{"name":"bVisit","decl":{"start":{"line":32,"column":17},"end":{"line":32,"column":18}},"loc":{"start":{"line":32,"column":26},"end":{"line":39,"column":3}}},"21":{"name":"bVisit","decl":{"start":{"line":32,"column":26},"end":{"line":32,"column":27}},"loc":{"start":{"line":32,"column":38},"end":{"line":39,"column":3}}},"22":{"name":"dijkstra","decl":{"start":{"line":44,"column":24},"end":{"line":44,"column":25}},"loc":{"start":{"line":44,"column":33},"end":{"line":68,"column":1}}},"23":{"name":"dijkstra","decl":{"start":{"line":44,"column":33},"end":{"line":44,"column":34}},"loc":{"start":{"line":44,"column":44},"end":{"line":68,"column":1}}},"24":{"name":"components","decl":{"start":{"line":70,"column":26},"end":{"line":70,"column":27}},"loc":{"start":{"line":70,"column":37},"end":{"line":78,"column":1}}},"25":{"name":"trav","decl":{"start":{"line":71,"column":15},"end":{"line":71,"column":16}},"loc":{"start":{"line":72,"column":5},"end":{"line":72,"column":70}}},"26":{"name":"visitMap","decl":{"start":{"line":73,"column":19},"end":{"line":73,"column":20}},"loc":{"start":{"line":74,"column":5},"end":{"line":75,"column":31}}},"27":{"name":"componentSet","decl":{"start":{"line":80,"column":28},"end":{"line":80,"column":29}},"loc":{"start":{"line":80,"column":37},"end":{"line":80,"column":72}}},"28":{"name":"pathBetween","decl":{"start":{"line":81,"column":27},"end":{"line":81,"column":28}},"loc":{"start":{"line":81,"column":36},"end":{"line":82,"column":37}}},"29":{"name":"pathBetween","decl":{"start":{"line":81,"column":36},"end":{"line":81,"column":37}},"loc":{"start":{"line":81,"column":42},"end":{"line":82,"column":37}}},"30":{"name":"pathBetween","decl":{"start":{"line":81,"column":42},"end":{"line":81,"column":43}},"loc":{"start":{"line":82,"column":2},"end":{"line":82,"column":37}}}},"branchMap":{"0":{"loc":{"start":{"line":6,"column":17},"end":{"line":6,"column":28}},"type":"default-arg","locations":[{"start":{"line":6,"column":24},"end":{"line":6,"column":28}}]},"1":{"loc":{"start":{"line":6,"column":34},"end":{"line":6,"column":44}},"type":"default-arg","locations":[{"start":{"line":6,"column":43},"end":{"line":6,"column":44}}]},"2":{"loc":{"start":{"line":6,"column":50},"end":{"line":6,"column":60}},"type":"default-arg","locations":[{"start":{"line":6,"column":59},"end":{"line":6,"column":60}}]},"3":{"loc":{"start":{"line":9,"column":16},"end":{"line":9,"column":30}},"type":"default-arg","locations":[{"start":{"line":9,"column":23},"end":{"line":9,"column":30}}]},"4":{"loc":{"start":{"line":13,"column":15},"end":{"line":13,"column":25}},"type":"default-arg","locations":[{"start":{"line":13,"column":24},"end":{"line":13,"column":25}}]},"5":{"loc":{"start":{"line":14,"column":15},"end":{"line":14,"column":25}},"type":"default-arg","locations":[{"start":{"line":14,"column":24},"end":{"line":14,"column":25}}]},"6":{"loc":{"start":{"line":18,"column":23},"end":{"line":18,"column":28}},"type":"default-arg","locations":[{"start":{"line":18,"column":27},"end":{"line":18,"column":28}}]},"7":{"loc":{"start":{"line":19,"column":22},"end":{"line":19,"column":55}},"type":"cond-expr","locations":[{"start":{"line":19,"column":36},"end":{"line":19,"column":51}},{"start":{"line":19,"column":54},"end":{"line":19,"column":55}}]},"8":{"loc":{"start":{"line":21,"column":18},"end":{"line":21,"column":32}},"type":"default-arg","locations":[{"start":{"line":21,"column":25},"end":{"line":21,"column":32}}]},"9":{"loc":{"start":{"line":21,"column":39},"end":{"line":21,"column":44}},"type":"default-arg","locations":[{"start":{"line":21,"column":43},"end":{"line":21,"column":44}}]},"10":{"loc":{"start":{"line":25,"column":16},"end":{"line":25,"column":36}},"type":"default-arg","locations":[{"start":{"line":25,"column":23},"end":{"line":25,"column":36}}]},"11":{"loc":{"start":{"line":25,"column":38},"end":{"line":25,"column":67}},"type":"default-arg","locations":[{"start":{"line":25,"column":49},"end":{"line":25,"column":67}}]},"12":{"loc":{"start":{"line":38,"column":11},"end":{"line":38,"column":58}},"type":"cond-expr","locations":[{"start":{"line":38,"column":29},"end":{"line":38,"column":50}},{"start":{"line":38,"column":53},"end":{"line":38,"column":58}}]},"13":{"loc":{"start":{"line":55,"column":22},"end":{"line":55,"column":70}},"type":"binary-expr","locations":[{"start":{"line":55,"column":22},"end":{"line":55,"column":42}},{"start":{"line":55,"column":46},"end":{"line":55,"column":70}}]},"14":{"loc":{"start":{"line":58,"column":19},"end":{"line":58,"column":67}},"type":"cond-expr","locations":[{"start":{"line":58,"column":53},"end":{"line":58,"column":57}},{"start":{"line":58,"column":60},"end":{"line":58,"column":67}}]},"15":{"loc":{"start":{"line":60,"column":6},"end":{"line":63,"column":7}},"type":"if","locations":[{"start":{"line":60,"column":6},"end":{"line":63,"column":7}},{"start":{"line":60,"column":6},"end":{"line":63,"column":7}}]},"16":{"loc":{"start":{"line":71,"column":16},"end":{"line":71,"column":30}},"type":"default-arg","locations":[{"start":{"line":71,"column":23},"end":{"line":71,"column":30}}]},"17":{"loc":{"start":{"line":73,"column":20},"end":{"line":73,"column":34}},"type":"default-arg","locations":[{"start":{"line":73,"column":27},"end":{"line":73,"column":34}}]}},"s":{"0":4,"1":4,"2":4,"3":14,"4":14,"5":14,"6":4,"7":4,"8":4,"9":4,"10":4,"11":4,"12":14,"13":4,"14":28,"15":4,"16":42,"17":4,"18":14,"19":4,"20":28,"21":4,"22":14,"23":14,"24":4,"25":14,"26":4,"27":14,"28":4,"29":1,"30":1,"31":10,"32":1,"33":4,"34":2,"35":2,"36":2,"37":2,"38":2,"39":2,"40":2,"41":2,"42":2,"43":4,"44":1,"45":1,"46":1,"47":1,"48":1,"49":7,"50":7,"51":7,"52":7,"53":18,"54":18,"55":18,"56":18,"57":18,"58":6,"59":6,"60":1,"61":4,"62":4,"63":820,"64":4,"65":40,"66":4,"67":4,"68":2,"69":4,"70":1,"71":1,"72":1},"f":{"0":14,"1":14,"2":14,"3":4,"4":4,"5":4,"6":14,"7":28,"8":42,"9":14,"10":28,"11":14,"12":14,"13":14,"14":14,"15":1,"16":1,"17":10,"18":2,"19":2,"20":2,"21":2,"22":1,"23":1,"24":4,"25":820,"26":40,"27":2,"28":1,"29":1,"30":1},"b":{"0":[0],"1":[0],"2":[0],"3":[4],"4":[0],"5":[0],"6":[0],"7":[14,0],"8":[0],"9":[0],"10":[0],"11":[1],"12":[0,2],"13":[18,9],"14":[2,16],"15":[6,12],"16":[0],"17":[0]},"_coverageSchema":"332fd63041d2c1bcb487cc26dd0d5f7d97098a6c","hash":"0e13ab36c367cc069b33b70918458af7b1a6d8ae"}
,"/Users/tfpractice/sites/mods/graph-curry/src/strings.js": {"path":"/Users/tfpractice/sites/mods/graph-curry/src/strings.js","statementMap":{"0":{"start":{"line":3,"column":53},"end":{"line":3,"column":64}},"1":{"start":{"line":5,"column":22},"end":{"line":6,"column":68}},"2":{"start":{"line":6,"column":2},"end":{"line":6,"column":68}},"3":{"start":{"line":7,"column":26},"end":{"line":7,"column":65}},"4":{"start":{"line":7,"column":34},"end":{"line":7,"column":65}},"5":{"start":{"line":8,"column":23},"end":{"line":8,"column":63}},"6":{"start":{"line":8,"column":31},"end":{"line":8,"column":63}},"7":{"start":{"line":9,"column":23},"end":{"line":9,"column":63}},"8":{"start":{"line":9,"column":31},"end":{"line":9,"column":63}},"9":{"start":{"line":10,"column":24},"end":{"line":10,"column":65}},"10":{"start":{"line":10,"column":32},"end":{"line":10,"column":65}},"11":{"start":{"line":12,"column":26},"end":{"line":12,"column":70}},"12":{"start":{"line":12,"column":34},"end":{"line":12,"column":70}},"13":{"start":{"line":13,"column":26},"end":{"line":13,"column":85}},"14":{"start":{"line":13,"column":44},"end":{"line":13,"column":85}},"15":{"start":{"line":15,"column":31},"end":{"line":16,"column":49}},"16":{"start":{"line":16,"column":2},"end":{"line":16,"column":49}},"17":{"start":{"line":18,"column":27},"end":{"line":21,"column":22}},"18":{"start":{"line":19,"column":2},"end":{"line":21,"column":22}},"19":{"start":{"line":20,"column":4},"end":{"line":20,"column":37}},"20":{"start":{"line":23,"column":25},"end":{"line":23,"column":60}},"21":{"start":{"line":23,"column":41},"end":{"line":23,"column":59}}},"fnMap":{"0":{"name":"redStr","decl":{"start":{"line":5,"column":22},"end":{"line":5,"column":23}},"loc":{"start":{"line":6,"column":2},"end":{"line":6,"column":68}}},"1":{"name":"collString","decl":{"start":{"line":7,"column":26},"end":{"line":7,"column":27}},"loc":{"start":{"line":7,"column":34},"end":{"line":7,"column":65}}},"2":{"name":"kString","decl":{"start":{"line":8,"column":23},"end":{"line":8,"column":24}},"loc":{"start":{"line":8,"column":31},"end":{"line":8,"column":63}}},"3":{"name":"vString","decl":{"start":{"line":9,"column":23},"end":{"line":9,"column":24}},"loc":{"start":{"line":9,"column":31},"end":{"line":9,"column":63}}},"4":{"name":"kvString","decl":{"start":{"line":10,"column":24},"end":{"line":10,"column":25}},"loc":{"start":{"line":10,"column":32},"end":{"line":10,"column":65}}},"5":{"name":"pathString","decl":{"start":{"line":12,"column":26},"end":{"line":12,"column":27}},"loc":{"start":{"line":12,"column":34},"end":{"line":12,"column":70}}},"6":{"name":"edgeString","decl":{"start":{"line":13,"column":26},"end":{"line":13,"column":27}},"loc":{"start":{"line":13,"column":44},"end":{"line":13,"column":85}}},"7":{"name":"componentString","decl":{"start":{"line":15,"column":31},"end":{"line":15,"column":32}},"loc":{"start":{"line":16,"column":2},"end":{"line":16,"column":49}}},"8":{"name":"graphString","decl":{"start":{"line":18,"column":27},"end":{"line":18,"column":28}},"loc":{"start":{"line":19,"column":2},"end":{"line":21,"column":22}}},"9":{"name":"graphString","decl":{"start":{"line":19,"column":25},"end":{"line":19,"column":26}},"loc":{"start":{"line":20,"column":4},"end":{"line":20,"column":37}}},"10":{"name":"showGraph","decl":{"start":{"line":23,"column":25},"end":{"line":23,"column":26}},"loc":{"start":{"line":23,"column":41},"end":{"line":23,"column":59}}}},"branchMap":{"0":{"loc":{"start":{"line":5,"column":23},"end":{"line":5,"column":32}},"type":"default-arg","locations":[{"start":{"line":5,"column":29},"end":{"line":5,"column":32}}]},"1":{"loc":{"start":{"line":6,"column":2},"end":{"line":6,"column":68}},"type":"cond-expr","locations":[{"start":{"line":6,"column":23},"end":{"line":6,"column":43}},{"start":{"line":6,"column":46},"end":{"line":6,"column":68}}]}},"s":{"0":4,"1":4,"2":17,"3":4,"4":1,"5":4,"6":2,"7":4,"8":1,"9":4,"10":1,"11":4,"12":1,"13":4,"14":1,"15":4,"16":0,"17":4,"18":0,"19":0,"20":4,"21":0},"f":{"0":17,"1":1,"2":2,"3":1,"4":1,"5":1,"6":1,"7":0,"8":0,"9":0,"10":0},"b":{"0":[0],"1":[4,13]},"_coverageSchema":"332fd63041d2c1bcb487cc26dd0d5f7d97098a6c","hash":"1eacfe48ae8c6929267045817b33a3e8f07d38ad"}
}
