TN:
SF:/Users/tfpractice/sites/mods/graph-curry/src/cut.js
FNF:0
FNH:0
LF:0
LH:0
BRF:0
BRH:0
end_of_record
TN:
SF:/Users/tfpractice/sites/mods/graph-curry/src/graph.js
FN:7,(anonymous_0)
FN:9,(anonymous_1)
FN:11,(anonymous_2)
FN:12,(anonymous_3)
FN:13,(anonymous_4)
FN:13,(anonymous_5)
FN:14,(anonymous_6)
FN:14,(anonymous_7)
FN:15,(anonymous_8)
FN:15,(anonymous_9)
FN:16,(anonymous_10)
FN:16,(anonymous_11)
FN:16,(anonymous_12)
FN:19,(anonymous_13)
FN:19,(anonymous_14)
FN:21,(anonymous_15)
FN:21,(anonymous_16)
FN:22,(anonymous_17)
FN:22,(anonymous_18)
FN:24,(anonymous_19)
FN:24,(anonymous_20)
FN:26,(anonymous_21)
FN:26,(anonymous_22)
FN:26,(anonymous_23)
FN:29,(anonymous_24)
FN:29,(anonymous_25)
FN:29,(anonymous_26)
FN:32,(anonymous_27)
FN:35,(anonymous_28)
FN:35,(anonymous_29)
FN:38,(anonymous_30)
FN:38,(anonymous_31)
FN:41,(anonymous_32)
FN:41,(anonymous_33)
FN:43,(anonymous_34)
FN:43,(anonymous_35)
FN:43,(anonymous_36)
FN:46,(anonymous_37)
FN:46,(anonymous_38)
FNF:39
FNH:38
FNDA:0,(anonymous_0)
FNDA:29,(anonymous_1)
FNDA:5,(anonymous_2)
FNDA:8,(anonymous_3)
FNDA:12,(anonymous_4)
FNDA:12,(anonymous_5)
FNDA:5,(anonymous_6)
FNDA:5,(anonymous_7)
FNDA:4,(anonymous_8)
FNDA:4,(anonymous_9)
FNDA:3,(anonymous_10)
FNDA:3,(anonymous_11)
FNDA:3,(anonymous_12)
FNDA:2,(anonymous_13)
FNDA:4,(anonymous_14)
FNDA:2,(anonymous_15)
FNDA:2,(anonymous_16)
FNDA:1,(anonymous_17)
FNDA:1,(anonymous_18)
FNDA:1,(anonymous_19)
FNDA:1,(anonymous_20)
FNDA:12,(anonymous_21)
FNDA:12,(anonymous_22)
FNDA:12,(anonymous_23)
FNDA:3,(anonymous_24)
FNDA:3,(anonymous_25)
FNDA:3,(anonymous_26)
FNDA:2,(anonymous_27)
FNDA:1,(anonymous_28)
FNDA:1,(anonymous_29)
FNDA:1,(anonymous_30)
FNDA:1,(anonymous_31)
FNDA:1,(anonymous_32)
FNDA:1,(anonymous_33)
FNDA:2,(anonymous_34)
FNDA:2,(anonymous_35)
FNDA:2,(anonymous_36)
FNDA:1,(anonymous_37)
FNDA:1,(anonymous_38)
DA:5,1
DA:6,1
DA:7,1
DA:9,29
DA:10,1
DA:11,5
DA:12,8
DA:13,12
DA:14,5
DA:15,4
DA:16,3
DA:17,3
DA:19,4
DA:21,2
DA:22,1
DA:24,1
DA:26,12
DA:27,12
DA:29,3
DA:30,3
DA:32,1
DA:33,2
DA:35,1
DA:36,1
DA:38,1
DA:39,1
DA:41,1
DA:43,2
DA:44,2
DA:46,1
DA:48,1
LF:31
LH:31
BRDA:7,0,0,0
BRDA:7,1,0,0
BRDA:26,2,0,1
BRDA:43,3,0,0
BRDA:46,4,0,0
BRF:5
BRH:1
end_of_record
TN:
SF:/Users/tfpractice/sites/mods/graph-curry/src/index.js
FNF:0
FNH:0
LF:0
LH:0
BRF:0
BRH:0
end_of_record
TN:
SF:/Users/tfpractice/sites/mods/graph-curry/src/operations.js
FN:10,(anonymous_0)
FN:12,(anonymous_1)
FN:15,(anonymous_2)
FN:15,(anonymous_3)
FN:17,(anonymous_4)
FN:17,(anonymous_5)
FN:17,(anonymous_6)
FN:20,(anonymous_7)
FN:20,(anonymous_8)
FN:20,(anonymous_9)
FN:23,(anonymous_10)
FN:23,(anonymous_11)
FN:23,(anonymous_12)
FN:26,(anonymous_13)
FN:26,(anonymous_14)
FN:26,(anonymous_15)
FN:29,(anonymous_16)
FN:29,(anonymous_17)
FN:29,(anonymous_18)
FN:32,(anonymous_19)
FN:34,(anonymous_20)
FN:34,(anonymous_21)
FN:37,(anonymous_22)
FN:40,(anonymous_23)
FN:41,(anonymous_24)
FNF:25
FNH:0
FNDA:0,(anonymous_0)
FNDA:0,(anonymous_1)
FNDA:0,(anonymous_2)
FNDA:0,(anonymous_3)
FNDA:0,(anonymous_4)
FNDA:0,(anonymous_5)
FNDA:0,(anonymous_6)
FNDA:0,(anonymous_7)
FNDA:0,(anonymous_8)
FNDA:0,(anonymous_9)
FNDA:0,(anonymous_10)
FNDA:0,(anonymous_11)
FNDA:0,(anonymous_12)
FNDA:0,(anonymous_13)
FNDA:0,(anonymous_14)
FNDA:0,(anonymous_15)
FNDA:0,(anonymous_16)
FNDA:0,(anonymous_17)
FNDA:0,(anonymous_18)
FNDA:0,(anonymous_19)
FNDA:0,(anonymous_20)
FNDA:0,(anonymous_21)
FNDA:0,(anonymous_22)
FNDA:0,(anonymous_23)
FNDA:0,(anonymous_24)
DA:8,1
DA:10,1
DA:12,1
DA:13,0
DA:15,1
DA:17,1
DA:18,0
DA:20,1
DA:21,0
DA:23,1
DA:24,0
DA:26,1
DA:27,0
DA:29,1
DA:30,0
DA:32,1
DA:34,1
DA:35,0
DA:37,1
DA:38,0
DA:40,1
DA:41,1
DA:42,0
LF:23
LH:14
BRDA:10,0,0,0
BRDA:10,1,0,0
BRDA:13,2,0,0
BRDA:13,2,1,0
BRDA:29,3,0,0
BRDA:30,4,0,0
BRDA:30,4,1,0
BRDA:37,5,0,0
BRDA:41,6,0,0
BRDA:42,7,0,0
BRDA:42,7,1,0
BRF:11
BRH:0
end_of_record
TN:
SF:/Users/tfpractice/sites/mods/graph-curry/src/reducers.js
FN:4,(anonymous_0)
FN:6,(anonymous_1)
FN:9,(anonymous_2)
FN:12,(anonymous_3)
FN:12,(anonymous_4)
FN:15,(anonymous_5)
FN:19,(anonymous_6)
FN:23,(anonymous_7)
FN:30,(anonymous_8)
FNF:9
FNH:8
FNDA:3,(anonymous_0)
FNDA:113,(anonymous_1)
FNDA:0,(anonymous_2)
FNDA:1,(anonymous_3)
FNDA:1,(anonymous_4)
FNDA:60,(anonymous_5)
FNDA:6,(anonymous_6)
FNDA:41,(anonymous_7)
FNDA:11,(anonymous_8)
DA:4,3
DA:6,1
DA:7,113
DA:9,1
DA:10,0
DA:12,1
DA:13,1
DA:15,60
DA:19,6
DA:23,1
DA:24,41
DA:30,1
DA:31,11
LF:13
LH:12
BRDA:15,0,0,4
BRF:1
BRH:1
end_of_record
TN:
SF:/Users/tfpractice/sites/mods/graph-curry/src/search.js
FN:6,(anonymous_0)
FN:6,(anonymous_1)
FN:6,(anonymous_2)
FN:9,(anonymous_3)
FN:9,(anonymous_4)
FN:12,(anonymous_5)
FN:13,(anonymous_6)
FN:14,(anonymous_7)
FN:15,(anonymous_8)
FN:16,(anonymous_9)
FN:17,(anonymous_10)
FN:18,(anonymous_11)
FN:18,(anonymous_12)
FN:19,(anonymous_13)
FN:21,(anonymous_14)
FN:24,(anonymous_15)
FN:24,(anonymous_16)
FN:25,(anonymous_17)
FN:31,(anonymous_18)
FN:31,(anonymous_19)
FN:32,(anonymous_20)
FN:32,(anonymous_21)
FN:44,(anonymous_22)
FN:44,(anonymous_23)
FN:70,(anonymous_24)
FN:71,(anonymous_25)
FN:73,(anonymous_26)
FN:80,(anonymous_27)
FN:81,(anonymous_28)
FN:81,(anonymous_29)
FN:81,(anonymous_30)
FNF:31
FNH:0
FNDA:0,(anonymous_0)
FNDA:0,(anonymous_1)
FNDA:0,(anonymous_2)
FNDA:0,(anonymous_3)
FNDA:0,(anonymous_4)
FNDA:0,(anonymous_5)
FNDA:0,(anonymous_6)
FNDA:0,(anonymous_7)
FNDA:0,(anonymous_8)
FNDA:0,(anonymous_9)
FNDA:0,(anonymous_10)
FNDA:0,(anonymous_11)
FNDA:0,(anonymous_12)
FNDA:0,(anonymous_13)
FNDA:0,(anonymous_14)
FNDA:0,(anonymous_15)
FNDA:0,(anonymous_16)
FNDA:0,(anonymous_17)
FNDA:0,(anonymous_18)
FNDA:0,(anonymous_19)
FNDA:0,(anonymous_20)
FNDA:0,(anonymous_21)
FNDA:0,(anonymous_22)
FNDA:0,(anonymous_23)
FNDA:0,(anonymous_24)
FNDA:0,(anonymous_25)
FNDA:0,(anonymous_26)
FNDA:0,(anonymous_27)
FNDA:0,(anonymous_28)
FNDA:0,(anonymous_29)
FNDA:0,(anonymous_30)
DA:3,1
DA:4,1
DA:6,1
DA:7,0
DA:9,1
DA:10,0
DA:12,1
DA:13,1
DA:14,1
DA:15,1
DA:16,1
DA:17,1
DA:18,1
DA:19,1
DA:21,1
DA:22,0
DA:24,1
DA:25,0
DA:26,0
DA:28,0
DA:31,1
DA:32,0
DA:33,0
DA:34,0
DA:36,0
DA:37,0
DA:38,0
DA:41,0
DA:44,1
DA:45,0
DA:46,0
DA:47,0
DA:49,0
DA:50,0
DA:51,0
DA:52,0
DA:54,0
DA:55,0
DA:56,0
DA:57,0
DA:58,0
DA:60,0
DA:61,0
DA:62,0
DA:67,0
DA:70,1
DA:71,0
DA:72,0
DA:73,0
DA:74,0
DA:77,0
DA:80,1
DA:81,1
DA:82,0
LF:54
LH:19
BRDA:6,0,0,0
BRDA:6,1,0,0
BRDA:6,2,0,0
BRDA:9,3,0,0
BRDA:13,4,0,0
BRDA:14,5,0,0
BRDA:18,6,0,0
BRDA:19,7,0,0
BRDA:19,7,1,0
BRDA:21,8,0,0
BRDA:21,9,0,0
BRDA:25,10,0,0
BRDA:25,11,0,0
BRDA:38,12,0,0
BRDA:38,12,1,0
BRDA:55,13,0,0
BRDA:55,13,1,0
BRDA:58,14,0,0
BRDA:58,14,1,0
BRDA:60,15,0,0
BRDA:60,15,1,0
BRDA:71,16,0,0
BRDA:73,17,0,0
BRF:23
BRH:0
end_of_record
TN:
SF:/Users/tfpractice/sites/mods/graph-curry/src/strings.js
FN:5,(anonymous_0)
FN:7,(anonymous_1)
FN:8,(anonymous_2)
FN:9,(anonymous_3)
FN:10,(anonymous_4)
FN:12,(anonymous_5)
FN:13,(anonymous_6)
FN:15,(anonymous_7)
FN:18,(anonymous_8)
FN:19,(anonymous_9)
FN:23,(anonymous_10)
FNF:11
FNH:0
FNDA:0,(anonymous_0)
FNDA:0,(anonymous_1)
FNDA:0,(anonymous_2)
FNDA:0,(anonymous_3)
FNDA:0,(anonymous_4)
FNDA:0,(anonymous_5)
FNDA:0,(anonymous_6)
FNDA:0,(anonymous_7)
FNDA:0,(anonymous_8)
FNDA:0,(anonymous_9)
FNDA:0,(anonymous_10)
DA:3,1
DA:5,1
DA:6,0
DA:7,1
DA:8,1
DA:9,1
DA:10,1
DA:12,1
DA:13,1
DA:15,1
DA:16,0
DA:18,1
DA:19,0
DA:20,0
DA:23,1
LF:15
LH:11
BRDA:5,0,0,0
BRDA:6,1,0,0
BRDA:6,1,1,0
BRF:3
BRH:0
end_of_record
TN:
SF:/Users/tfpractice/sites/mods/graph-curry/src/tree.js
FN:1,(anonymous_0)
FN:1,sliceIterator
FN:1,(anonymous_2)
FN:12,_toArray
FN:14,countComponents
FN:16,selectNeighbor
FN:19,selectNeighborBin
FN:20,compSize
FN:21,sameComps
FN:23,uncut
FN:24,uncutKey
FN:25,safeNabes
FN:26,nextUncut
FN:27,single
FN:29,safeSearch
FN:37,safeReduce
FN:38,safeReduceBin
FNF:17
FNH:0
FNDA:0,(anonymous_0)
FNDA:0,sliceIterator
FNDA:0,(anonymous_2)
FNDA:0,_toArray
FNDA:0,countComponents
FNDA:0,selectNeighbor
FNDA:0,selectNeighborBin
FNDA:0,compSize
FNDA:0,sameComps
FNDA:0,uncut
FNDA:0,uncutKey
FNDA:0,safeNabes
FNDA:0,nextUncut
FNDA:0,single
FNDA:0,safeSearch
FNDA:0,safeReduce
FNDA:0,safeReduceBin
DA:1,0
DA:12,0
DA:14,0
DA:16,0
DA:19,0
DA:20,0
DA:21,0
DA:23,0
DA:24,0
DA:25,0
DA:26,0
DA:27,0
DA:29,0
DA:37,0
DA:38,0
LF:15
LH:0
BRDA:1,0,0,0
BRDA:1,0,1,0
BRDA:1,1,0,0
BRDA:1,1,1,0
BRDA:1,2,0,0
BRDA:1,2,1,0
BRDA:1,3,0,0
BRDA:1,3,1,0
BRDA:1,4,0,0
BRDA:1,4,1,0
BRDA:1,5,0,0
BRDA:1,5,1,0
BRDA:1,6,0,0
BRDA:1,6,1,0
BRDA:12,7,0,0
BRDA:12,7,1,0
BRF:16
BRH:0
end_of_record
