TN:
SF:/Users/tfpractice/sites/mods/graph-curry/src/graph.js
FN:7,flattenBin
FN:9,spawn
FN:11,fromElements
FN:12,nodes
FN:13,adj
FN:13,adj
FN:14,neighbors
FN:14,neighbors
FN:15,contains
FN:15,contains
FN:16,isAdjacent
FN:16,isAdjacent
FN:16,isAdjacent
FN:19,kvPair
FN:19,kvPair
FN:21,nodeNeighbors
FN:21,nodeNeighbors
FN:22,addNodes
FN:22,addNodes
FN:27,resetNodes
FN:27,resetNodes
FN:29,addEdges
FN:29,addEdges
FN:29,addEdges
FN:32,removeEdges
FN:32,removeEdges
FN:32,removeEdges
FN:35,disconnectNodeBin
FN:38,disconnectNodes
FN:38,disconnectNodes
FN:41,removeNodes
FN:41,removeNodes
FN:44,mergeEdges
FN:44,mergeEdges
FN:46,addNeighbor
FN:46,addNeighbor
FN:46,addNeighbor
FN:49,addEntry
FN:49,addEntry
FNF:39
FNH:38
FNDA:0,flattenBin
FNDA:498,spawn
FNDA:15,fromElements
FNDA:164,nodes
FNDA:231,adj
FNDA:231,adj
FNDA:135,neighbors
FNDA:135,neighbors
FNDA:8,contains
FNDA:8,contains
FNDA:6,isAdjacent
FNDA:6,isAdjacent
FNDA:6,isAdjacent
FNDA:6,kvPair
FNDA:12,kvPair
FNDA:6,nodeNeighbors
FNDA:6,nodeNeighbors
FNDA:2,addNodes
FNDA:2,addNodes
FNDA:2,resetNodes
FNDA:2,resetNodes
FNDA:53,addEdges
FNDA:53,addEdges
FNDA:53,addEdges
FNDA:82,removeEdges
FNDA:82,removeEdges
FNDA:82,removeEdges
FNDA:80,disconnectNodeBin
FNDA:40,disconnectNodes
FNDA:40,disconnectNodes
FNDA:40,removeNodes
FNDA:40,removeNodes
FNDA:40,mergeEdges
FNDA:40,mergeEdges
FNDA:4,addNeighbor
FNDA:4,addNeighbor
FNDA:4,addNeighbor
FNDA:2,addEntry
FNDA:2,addEntry
DA:5,5
DA:6,5
DA:7,5
DA:9,498
DA:10,5
DA:11,15
DA:12,164
DA:13,231
DA:14,135
DA:15,8
DA:16,6
DA:17,6
DA:19,12
DA:21,6
DA:22,5
DA:27,5
DA:29,53
DA:30,53
DA:32,82
DA:33,82
DA:35,5
DA:36,80
DA:38,40
DA:39,40
DA:41,40
DA:42,40
DA:44,40
DA:46,5
DA:47,4
DA:49,5
DA:51,5
LF:31
LH:31
BRDA:7,0,0,0
BRDA:7,1,0,0
BRDA:29,2,0,2
BRDA:46,3,0,0
BRDA:49,4,0,0
BRF:5
BRH:1
end_of_record
TN:
SF:/Users/tfpractice/sites/mods/graph-curry/src/index.js
FNF:0
FNH:0
LF:0
LH:0
BRF:0
BRH:0
end_of_record
TN:
SF:/Users/tfpractice/sites/mods/graph-curry/src/operations.js
FN:10,flattenBin
FN:12,autoSpread
FN:15,superNode
FN:15,superNode
FN:17,combineNeighbors
FN:17,combineNeighbors
FN:17,combineNeighbors
FN:20,combineAdj
FN:20,combineAdj
FN:20,combineAdj
FN:23,superAdj
FN:23,superAdj
FN:23,superAdj
FN:26,superEdge
FN:26,superEdge
FN:26,superEdge
FN:29,contract
FN:29,contract
FN:29,contract
FN:32,contractBin
FN:34,contractSrc
FN:34,contractSrc
FN:37,contractNext
FN:40,contractAuto
FN:41,contractMin
FNF:25
FNH:25
FNDA:10,flattenBin
FNDA:13,autoSpread
FNDA:42,superNode
FNDA:42,superNode
FNDA:2,combineNeighbors
FNDA:2,combineNeighbors
FNDA:2,combineNeighbors
FNDA:41,combineAdj
FNDA:41,combineAdj
FNDA:41,combineAdj
FNDA:41,superAdj
FNDA:41,superAdj
FNDA:41,superAdj
FNDA:39,superEdge
FNDA:39,superEdge
FNDA:39,superEdge
FNDA:48,contract
FNDA:48,contract
FNDA:48,contract
FNDA:5,contractBin
FNDA:2,contractSrc
FNDA:2,contractSrc
FNDA:39,contractNext
FNDA:2,contractAuto
FNDA:19,contractMin
DA:8,5
DA:10,10
DA:12,5
DA:13,13
DA:15,42
DA:17,5
DA:18,2
DA:20,41
DA:21,41
DA:23,41
DA:24,41
DA:26,39
DA:27,39
DA:29,48
DA:30,48
DA:32,5
DA:34,5
DA:35,2
DA:37,5
DA:38,39
DA:40,5
DA:41,5
DA:42,19
LF:23
LH:23
BRDA:10,0,0,0
BRDA:10,1,0,0
BRDA:13,2,0,5
BRDA:13,2,1,8
BRDA:29,3,0,40
BRDA:30,4,0,38
BRDA:30,4,1,10
BRDA:37,5,0,19
BRDA:41,6,0,0
BRDA:42,7,0,18
BRDA:42,7,1,1
BRF:11
BRH:8
end_of_record
TN:
SF:/Users/tfpractice/sites/mods/graph-curry/src/reducers.js
FN:5,resetNodeBin
FN:7,addNodeBin
FN:10,removeNodeBin
FN:13,addEdgeBin
FN:17,removeEdgeBin
FN:21,importEdgeBin
FN:25,mergeEdgesBin
FNF:7
FNH:6
FNDA:5,resetNodeBin
FNDA:402,addNodeBin
FNDA:0,removeNodeBin
FNDA:324,addEdgeBin
FNDA:180,removeEdgeBin
FNDA:189,importEdgeBin
FNDA:79,mergeEdgesBin
DA:3,5
DA:5,5
DA:7,5
DA:8,402
DA:10,5
DA:11,0
DA:13,324
DA:17,180
DA:21,5
DA:22,189
DA:25,5
DA:26,79
LF:12
LH:11
BRDA:13,0,0,4
BRF:1
BRH:1
end_of_record
TN:
SF:/Users/tfpractice/sites/mods/graph-curry/src/search.js
FN:6,pathVal
FN:6,pathVal
FN:6,pathVal
FN:9,addSrc
FN:9,addSrc
FN:12,initPath
FN:13,ptW
FN:14,ptL
FN:15,lastVal
FN:16,lastW
FN:17,lastL
FN:18,nextW
FN:18,nextW
FN:19,nextL
FN:21,nextPath
FN:24,dfs
FN:24,dfs
FN:25,trav
FN:31,bfs
FN:31,bfs
FN:32,bVisit
FN:32,bVisit
FN:44,dijkstra
FN:44,dijkstra
FN:70,components
FN:71,trav
FN:73,visitMap
FN:80,componentSet
FN:81,pathBetween
FN:81,pathBetween
FN:81,pathBetween
FNF:31
FNH:31
FNDA:14,pathVal
FNDA:14,pathVal
FNDA:14,pathVal
FNDA:4,addSrc
FNDA:4,addSrc
FNDA:4,initPath
FNDA:14,ptW
FNDA:28,ptL
FNDA:42,lastVal
FNDA:14,lastW
FNDA:28,lastL
FNDA:14,nextW
FNDA:14,nextW
FNDA:14,nextL
FNDA:14,nextPath
FNDA:1,dfs
FNDA:1,dfs
FNDA:10,trav
FNDA:2,bfs
FNDA:2,bfs
FNDA:2,bVisit
FNDA:2,bVisit
FNDA:1,dijkstra
FNDA:1,dijkstra
FNDA:4,components
FNDA:820,trav
FNDA:40,visitMap
FNDA:2,componentSet
FNDA:1,pathBetween
FNDA:1,pathBetween
FNDA:1,pathBetween
DA:3,5
DA:4,5
DA:6,14
DA:7,14
DA:9,5
DA:10,4
DA:12,5
DA:13,14
DA:14,28
DA:15,42
DA:16,14
DA:17,28
DA:18,14
DA:19,14
DA:21,5
DA:22,14
DA:24,5
DA:25,1
DA:26,10
DA:28,1
DA:31,5
DA:32,2
DA:33,2
DA:34,2
DA:36,2
DA:37,2
DA:38,2
DA:41,2
DA:44,5
DA:45,1
DA:46,1
DA:47,1
DA:49,1
DA:50,7
DA:51,7
DA:52,7
DA:54,7
DA:55,18
DA:56,18
DA:57,18
DA:58,18
DA:60,18
DA:61,6
DA:62,6
DA:67,1
DA:70,5
DA:71,4
DA:72,820
DA:73,4
DA:74,40
DA:77,4
DA:80,5
DA:81,5
DA:82,1
LF:54
LH:54
BRDA:6,0,0,0
BRDA:6,1,0,0
BRDA:6,2,0,0
BRDA:9,3,0,4
BRDA:13,4,0,0
BRDA:14,5,0,0
BRDA:18,6,0,0
BRDA:19,7,0,14
BRDA:19,7,1,0
BRDA:21,8,0,0
BRDA:21,9,0,0
BRDA:25,10,0,0
BRDA:25,11,0,1
BRDA:38,12,0,0
BRDA:38,12,1,2
BRDA:55,13,0,18
BRDA:55,13,1,9
BRDA:58,14,0,2
BRDA:58,14,1,16
BRDA:60,15,0,6
BRDA:60,15,1,12
BRDA:71,16,0,0
BRDA:73,17,0,0
BRF:23
BRH:10
end_of_record
TN:
SF:/Users/tfpractice/sites/mods/graph-curry/src/strings.js
FN:5,redStr
FN:7,collString
FN:8,kString
FN:9,vString
FN:10,kvString
FN:12,pathString
FN:13,edgeString
FN:15,componentString
FN:18,graphString
FN:19,graphString
FN:23,showGraph
FNF:11
FNH:7
FNDA:17,redStr
FNDA:1,collString
FNDA:2,kString
FNDA:1,vString
FNDA:1,kvString
FNDA:1,pathString
FNDA:1,edgeString
FNDA:0,componentString
FNDA:0,graphString
FNDA:0,graphString
FNDA:0,showGraph
DA:3,5
DA:5,5
DA:6,17
DA:7,5
DA:8,5
DA:9,5
DA:10,5
DA:12,5
DA:13,5
DA:15,5
DA:16,0
DA:18,5
DA:19,0
DA:20,0
DA:23,5
LF:15
LH:12
BRDA:5,0,0,0
BRDA:6,1,0,4
BRDA:6,1,1,13
BRF:3
BRH:2
end_of_record
